2019-03-18 09:25:24 -Starting BootdoApplication on DESKTOP-D0RSV36 with PID 3712 (D:\WorkSpace\SpringBoot\bootdo\bootdo\target\classes started by 山羊 in d:\WorkSpace\SpringBoot\bootdo\bootdo)
2019-03-18 09:25:24 -Running with Spring Boot v2.0.3.RELEASE, Spring v5.0.7.RELEASE
2019-03-18 09:25:24 -The following profiles are active: dev
2019-03-18 09:25:24 -Refreshing org.springframework.boot.web.servlet.context.AnnotationConfigServletWebServerApplicationContext@2e11485: startup date [Mon Mar 18 09:25:24 CST 2019]; root of context hierarchy
2019-03-18 09:25:25 -Multiple Spring Data modules found, entering strict repository configuration mode!
2019-03-18 09:25:26 -Bean 'org.springframework.transaction.annotation.ProxyTransactionManagementConfiguration' of type [org.springframework.transaction.annotation.ProxyTransactionManagementConfiguration$$EnhancerBySpringCGLIB$$88babe81] is not eligible for getting processed by all BeanPostProcessors (for example: not eligible for auto-proxying)
2019-03-18 09:25:26 -Bean 'shiroConfig' of type [com.bootdo.system.config.ShiroConfig$$EnhancerBySpringCGLIB$$7b13ed28] is not eligible for getting processed by all BeanPostProcessors (for example: not eligible for auto-proxying)
2019-03-18 09:25:26 -Bean 'userRealm' of type [com.bootdo.system.shiro.UserRealm] is not eligible for getting processed by all BeanPostProcessors (for example: not eligible for auto-proxying)
2019-03-18 09:25:26 -Bean 'cacheManager2' of type [net.sf.ehcache.CacheManager] is not eligible for getting processed by all BeanPostProcessors (for example: not eligible for auto-proxying)
2019-03-18 09:25:26 -Bean 'ehCacheManager' of type [org.apache.shiro.cache.ehcache.EhCacheManager] is not eligible for getting processed by all BeanPostProcessors (for example: not eligible for auto-proxying)
2019-03-18 09:25:26 -Cache with name 'com.bootdo.system.shiro.UserRealm.authorizationCache' does not yet exist.  Creating now.
2019-03-18 09:25:26 -Added EhCache named [com.bootdo.system.shiro.UserRealm.authorizationCache]
2019-03-18 09:25:26 -Bean 'sessionDAO' of type [org.apache.shiro.session.mgt.eis.MemorySessionDAO] is not eligible for getting processed by all BeanPostProcessors (for example: not eligible for auto-proxying)
2019-03-18 09:25:26 -Bean 'sessionManager' of type [org.apache.shiro.web.session.mgt.DefaultWebSessionManager] is not eligible for getting processed by all BeanPostProcessors (for example: not eligible for auto-proxying)
2019-03-18 09:25:26 -Bean 'securityManager' of type [org.apache.shiro.web.mgt.DefaultWebSecurityManager] is not eligible for getting processed by all BeanPostProcessors (for example: not eligible for auto-proxying)
2019-03-18 09:25:26 -Bean 'authorizationAttributeSourceAdvisor' of type [org.apache.shiro.spring.security.interceptor.AuthorizationAttributeSourceAdvisor] is not eligible for getting processed by all BeanPostProcessors (for example: not eligible for auto-proxying)
2019-03-18 09:25:27 -Tomcat initialized with port(s): 8124 (http)
2019-03-18 09:25:27 -Initializing ProtocolHandler ["http-nio-8124"]
2019-03-18 09:25:27 -Starting service [Tomcat]
2019-03-18 09:25:27 -Starting Servlet Engine: Apache Tomcat/8.5.31
2019-03-18 09:25:27 -The APR based Apache Tomcat Native library which allows optimal performance in production environments was not found on the java.library.path: [C:\Program Files\Java\jdk-11.0.2\bin;C:\Windows\Sun\Java\bin;C:\Windows\system32;C:\Windows;C:\Program Files (x86)\Intel\Intel(R) Management Engine Components\iCLS\;C:\Program Files\Intel\Intel(R) Management Engine Components\iCLS\;C:\Windows\system32;C:\Windows;C:\Windows\System32\Wbem;C:\Windows\System32\WindowsPowerShell\v1.0\;C:\Windows\System32\OpenSSH\;C:\Program Files (x86)\Intel\Intel(R) Management Engine Components\DAL;C:\Program Files\Intel\Intel(R) Management Engine Components\DAL;C:\Program Files\Intel\WiFi\bin\;C:\Program Files\Common Files\Intel\WirelessCommon\;C:\Program Files\NVIDIA Corporation\NVIDIA NvDLISR;C:\Program Files\NVIDIA Corporation\NVIDIA NGX;C:\Program Files (x86)\NVIDIA Corporation\PhysX\Common;C:\apache\apache-maven-3.6.0\bin;C:\Program Files\Java\jdk-11.0.2\bin;D:\WorkSpace\SqlServer\ShareSpace x86\140\Tools\Binn\;D:\WorkSpace\SqlServer\ShareSpace\140\Tools\Binn\;D:\WorkSpace\SqlServer\ShareSpace x86\140\DTS\Binn\;D:\WorkSpace\SqlServer\ShareSpace\140\DTS\Binn\;D:\WorkSpace\SqlServer\ShareSpace\Client SDK\ODBC\130\Tools\Binn\;C:\apache\mysql-8.0.15-winx64\bin;D:\software\nodejs\;C:\Users\山羊\AppData\Local\Microsoft\WindowsApps;D:\software\Microsoft VS Code\bin;D:\快捷方式;C:\Users\山羊\AppData\Roaming\npm;.]
2019-03-18 09:25:27 -Initializing Spring embedded WebApplicationContext
2019-03-18 09:25:27 -Root WebApplicationContext: initialization completed in 2958 ms
2019-03-18 09:25:27 -Mapping filter: 'characterEncodingFilter' to: [/*]
2019-03-18 09:25:27 -Mapping filter: 'hiddenHttpMethodFilter' to: [/*]
2019-03-18 09:25:27 -Mapping filter: 'httpPutFormContentFilter' to: [/*]
2019-03-18 09:25:27 -Mapping filter: 'requestContextFilter' to: [/*]
2019-03-18 09:25:27 -Filter xssFilter was not registered (disabled)
2019-03-18 09:25:27 -Mapping filter: 'webStatFilter' to urls: [/*]
2019-03-18 09:25:27 -Mapping filter: 'shiroFilterFactoryBean' to: [/*]
2019-03-18 09:25:27 -Servlet statViewServlet mapped to [/druid/*]
2019-03-18 09:25:27 -Servlet dispatcherServlet mapped to [/]
2019-03-18 09:25:28 -Exception encountered during context initialization - cancelling refresh attempt: org.springframework.beans.factory.UnsatisfiedDependencyException: Error creating bean with name 'modelController': Unsatisfied dependency expressed through field 'repositoryService'; nested exception is org.springframework.beans.factory.UnsatisfiedDependencyException: Error creating bean with name 'repositoryService' defined in class path resource [com/bootdo/activiti/config/ActivitiConfig.class]: Unsatisfied dependency expressed through method 'repositoryService' parameter 0; nested exception is org.springframework.beans.factory.UnsatisfiedDependencyException: Error creating bean with name 'processEngine' defined in class path resource [com/bootdo/activiti/config/ActivitiConfig.class]: Unsatisfied dependency expressed through method 'processEngine' parameter 0; nested exception is org.springframework.beans.factory.UnsatisfiedDependencyException: Error creating bean with name 'processEngineConfiguration' defined in class path resource [com/bootdo/activiti/config/ActivitiConfig.class]: Unsatisfied dependency expressed through method 'processEngineConfiguration' parameter 0; nested exception is org.springframework.beans.factory.BeanCreationException: Error creating bean with name 'dataSource' defined in class path resource [com/bootdo/common/config/DruidDBConfig.class]: Invocation of init method failed; nested exception is com.mysql.cj.jdbc.exceptions.CommunicationsException: Communications link failure

The last packet sent successfully to the server was 0 milliseconds ago. The driver has not received any packets from the server.
2019-03-18 09:25:28 -Stopping service [Tomcat]
2019-03-18 09:25:28 -

Error starting ApplicationContext. To display the conditions report re-run your application with 'debug' enabled.
2019-03-18 09:25:28 -Application run failed
org.springframework.beans.factory.UnsatisfiedDependencyException: Error creating bean with name 'modelController': Unsatisfied dependency expressed through field 'repositoryService'; nested exception is org.springframework.beans.factory.UnsatisfiedDependencyException: Error creating bean with name 'repositoryService' defined in class path resource [com/bootdo/activiti/config/ActivitiConfig.class]: Unsatisfied dependency expressed through method 'repositoryService' parameter 0; nested exception is org.springframework.beans.factory.UnsatisfiedDependencyException: Error creating bean with name 'processEngine' defined in class path resource [com/bootdo/activiti/config/ActivitiConfig.class]: Unsatisfied dependency expressed through method 'processEngine' parameter 0; nested exception is org.springframework.beans.factory.UnsatisfiedDependencyException: Error creating bean with name 'processEngineConfiguration' defined in class path resource [com/bootdo/activiti/config/ActivitiConfig.class]: Unsatisfied dependency expressed through method 'processEngineConfiguration' parameter 0; nested exception is org.springframework.beans.factory.BeanCreationException: Error creating bean with name 'dataSource' defined in class path resource [com/bootdo/common/config/DruidDBConfig.class]: Invocation of init method failed; nested exception is com.mysql.cj.jdbc.exceptions.CommunicationsException: Communications link failure

The last packet sent successfully to the server was 0 milliseconds ago. The driver has not received any packets from the server.
	at org.springframework.beans.factory.annotation.AutowiredAnnotationBeanPostProcessor$AutowiredFieldElement.inject(AutowiredAnnotationBeanPostProcessor.java:587)
	at org.springframework.beans.factory.annotation.InjectionMetadata.inject(InjectionMetadata.java:91)
	at org.springframework.beans.factory.annotation.AutowiredAnnotationBeanPostProcessor.postProcessPropertyValues(AutowiredAnnotationBeanPostProcessor.java:373)
	at org.springframework.beans.factory.support.AbstractAutowireCapableBeanFactory.populateBean(AbstractAutowireCapableBeanFactory.java:1350)
	at org.springframework.beans.factory.support.AbstractAutowireCapableBeanFactory.doCreateBean(AbstractAutowireCapableBeanFactory.java:580)
	at org.springframework.beans.factory.support.AbstractAutowireCapableBeanFactory.createBean(AbstractAutowireCapableBeanFactory.java:503)
	at org.springframework.beans.factory.support.AbstractBeanFactory.lambda$doGetBean$0(AbstractBeanFactory.java:317)
	at org.springframework.beans.factory.support.DefaultSingletonBeanRegistry.getSingleton(DefaultSingletonBeanRegistry.java:222)
	at org.springframework.beans.factory.support.AbstractBeanFactory.doGetBean(AbstractBeanFactory.java:315)
	at org.springframework.beans.factory.support.AbstractBeanFactory.getBean(AbstractBeanFactory.java:199)
	at org.springframework.beans.factory.support.DefaultListableBeanFactory.preInstantiateSingletons(DefaultListableBeanFactory.java:760)
	at org.springframework.context.support.AbstractApplicationContext.finishBeanFactoryInitialization(AbstractApplicationContext.java:869)
	at org.springframework.context.support.AbstractApplicationContext.refresh(AbstractApplicationContext.java:550)
	at org.springframework.boot.web.servlet.context.ServletWebServerApplicationContext.refresh(ServletWebServerApplicationContext.java:140)
	at org.springframework.boot.SpringApplication.refresh(SpringApplication.java:759)
	at org.springframework.boot.SpringApplication.refreshContext(SpringApplication.java:395)
	at org.springframework.boot.SpringApplication.run(SpringApplication.java:327)
	at org.springframework.boot.SpringApplication.run(SpringApplication.java:1255)
	at org.springframework.boot.SpringApplication.run(SpringApplication.java:1243)
	at com.bootdo.BootdoApplication.main(BootdoApplication.java:22)
Caused by: org.springframework.beans.factory.UnsatisfiedDependencyException: Error creating bean with name 'repositoryService' defined in class path resource [com/bootdo/activiti/config/ActivitiConfig.class]: Unsatisfied dependency expressed through method 'repositoryService' parameter 0; nested exception is org.springframework.beans.factory.UnsatisfiedDependencyException: Error creating bean with name 'processEngine' defined in class path resource [com/bootdo/activiti/config/ActivitiConfig.class]: Unsatisfied dependency expressed through method 'processEngine' parameter 0; nested exception is org.springframework.beans.factory.UnsatisfiedDependencyException: Error creating bean with name 'processEngineConfiguration' defined in class path resource [com/bootdo/activiti/config/ActivitiConfig.class]: Unsatisfied dependency expressed through method 'processEngineConfiguration' parameter 0; nested exception is org.springframework.beans.factory.BeanCreationException: Error creating bean with name 'dataSource' defined in class path resource [com/bootdo/common/config/DruidDBConfig.class]: Invocation of init method failed; nested exception is com.mysql.cj.jdbc.exceptions.CommunicationsException: Communications link failure

The last packet sent successfully to the server was 0 milliseconds ago. The driver has not received any packets from the server.
	at org.springframework.beans.factory.support.ConstructorResolver.createArgumentArray(ConstructorResolver.java:732)
	at org.springframework.beans.factory.support.ConstructorResolver.instantiateUsingFactoryMethod(ConstructorResolver.java:474)
	at org.springframework.beans.factory.support.AbstractAutowireCapableBeanFactory.instantiateUsingFactoryMethod(AbstractAutowireCapableBeanFactory.java:1256)
	at org.springframework.beans.factory.support.AbstractAutowireCapableBeanFactory.createBeanInstance(AbstractAutowireCapableBeanFactory.java:1105)
	at org.springframework.beans.factory.support.AbstractAutowireCapableBeanFactory.doCreateBean(AbstractAutowireCapableBeanFactory.java:543)
	at org.springframework.beans.factory.support.AbstractAutowireCapableBeanFactory.createBean(AbstractAutowireCapableBeanFactory.java:503)
	at org.springframework.beans.factory.support.AbstractBeanFactory.lambda$doGetBean$0(AbstractBeanFactory.java:317)
	at org.springframework.beans.factory.support.DefaultSingletonBeanRegistry.getSingleton(DefaultSingletonBeanRegistry.java:222)
	at org.springframework.beans.factory.support.AbstractBeanFactory.doGetBean(AbstractBeanFactory.java:315)
	at org.springframework.beans.factory.support.AbstractBeanFactory.getBean(AbstractBeanFactory.java:199)
	at org.springframework.beans.factory.config.DependencyDescriptor.resolveCandidate(DependencyDescriptor.java:251)
	at org.springframework.beans.factory.support.DefaultListableBeanFactory.doResolveDependency(DefaultListableBeanFactory.java:1138)
	at org.springframework.beans.factory.support.DefaultListableBeanFactory.resolveDependency(DefaultListableBeanFactory.java:1065)
	at org.springframework.beans.factory.annotation.AutowiredAnnotationBeanPostProcessor$AutowiredFieldElement.inject(AutowiredAnnotationBeanPostProcessor.java:584)
	... 19 common frames omitted
Caused by: org.springframework.beans.factory.UnsatisfiedDependencyException: Error creating bean with name 'processEngine' defined in class path resource [com/bootdo/activiti/config/ActivitiConfig.class]: Unsatisfied dependency expressed through method 'processEngine' parameter 0; nested exception is org.springframework.beans.factory.UnsatisfiedDependencyException: Error creating bean with name 'processEngineConfiguration' defined in class path resource [com/bootdo/activiti/config/ActivitiConfig.class]: Unsatisfied dependency expressed through method 'processEngineConfiguration' parameter 0; nested exception is org.springframework.beans.factory.BeanCreationException: Error creating bean with name 'dataSource' defined in class path resource [com/bootdo/common/config/DruidDBConfig.class]: Invocation of init method failed; nested exception is com.mysql.cj.jdbc.exceptions.CommunicationsException: Communications link failure

The last packet sent successfully to the server was 0 milliseconds ago. The driver has not received any packets from the server.
	at org.springframework.beans.factory.support.ConstructorResolver.createArgumentArray(ConstructorResolver.java:732)
	at org.springframework.beans.factory.support.ConstructorResolver.instantiateUsingFactoryMethod(ConstructorResolver.java:474)
	at org.springframework.beans.factory.support.AbstractAutowireCapableBeanFactory.instantiateUsingFactoryMethod(AbstractAutowireCapableBeanFactory.java:1256)
	at org.springframework.beans.factory.support.AbstractAutowireCapableBeanFactory.createBeanInstance(AbstractAutowireCapableBeanFactory.java:1105)
	at org.springframework.beans.factory.support.AbstractAutowireCapableBeanFactory.doCreateBean(AbstractAutowireCapableBeanFactory.java:543)
	at org.springframework.beans.factory.support.AbstractAutowireCapableBeanFactory.createBean(AbstractAutowireCapableBeanFactory.java:503)
	at org.springframework.beans.factory.support.AbstractBeanFactory.lambda$doGetBean$0(AbstractBeanFactory.java:317)
	at org.springframework.beans.factory.support.DefaultSingletonBeanRegistry.getSingleton(DefaultSingletonBeanRegistry.java:222)
	at org.springframework.beans.factory.support.AbstractBeanFactory.doGetBean(AbstractBeanFactory.java:315)
	at org.springframework.beans.factory.support.AbstractBeanFactory.getBean(AbstractBeanFactory.java:199)
	at org.springframework.beans.factory.config.DependencyDescriptor.resolveCandidate(DependencyDescriptor.java:251)
	at org.springframework.beans.factory.support.DefaultListableBeanFactory.doResolveDependency(DefaultListableBeanFactory.java:1138)
	at org.springframework.beans.factory.support.DefaultListableBeanFactory.resolveDependency(DefaultListableBeanFactory.java:1065)
	at org.springframework.beans.factory.support.ConstructorResolver.resolveAutowiredArgument(ConstructorResolver.java:818)
	at org.springframework.beans.factory.support.ConstructorResolver.createArgumentArray(ConstructorResolver.java:724)
	... 32 common frames omitted
Caused by: org.springframework.beans.factory.UnsatisfiedDependencyException: Error creating bean with name 'processEngineConfiguration' defined in class path resource [com/bootdo/activiti/config/ActivitiConfig.class]: Unsatisfied dependency expressed through method 'processEngineConfiguration' parameter 0; nested exception is org.springframework.beans.factory.BeanCreationException: Error creating bean with name 'dataSource' defined in class path resource [com/bootdo/common/config/DruidDBConfig.class]: Invocation of init method failed; nested exception is com.mysql.cj.jdbc.exceptions.CommunicationsException: Communications link failure

The last packet sent successfully to the server was 0 milliseconds ago. The driver has not received any packets from the server.
	at org.springframework.beans.factory.support.ConstructorResolver.createArgumentArray(ConstructorResolver.java:732)
	at org.springframework.beans.factory.support.ConstructorResolver.instantiateUsingFactoryMethod(ConstructorResolver.java:474)
	at org.springframework.beans.factory.support.AbstractAutowireCapableBeanFactory.instantiateUsingFactoryMethod(AbstractAutowireCapableBeanFactory.java:1256)
	at org.springframework.beans.factory.support.AbstractAutowireCapableBeanFactory.createBeanInstance(AbstractAutowireCapableBeanFactory.java:1105)
	at org.springframework.beans.factory.support.AbstractAutowireCapableBeanFactory.doCreateBean(AbstractAutowireCapableBeanFactory.java:543)
	at org.springframework.beans.factory.support.AbstractAutowireCapableBeanFactory.createBean(AbstractAutowireCapableBeanFactory.java:503)
	at org.springframework.beans.factory.support.AbstractBeanFactory.lambda$doGetBean$0(AbstractBeanFactory.java:317)
	at org.springframework.beans.factory.support.DefaultSingletonBeanRegistry.getSingleton(DefaultSingletonBeanRegistry.java:222)
	at org.springframework.beans.factory.support.AbstractBeanFactory.doGetBean(AbstractBeanFactory.java:315)
	at org.springframework.beans.factory.support.AbstractBeanFactory.getBean(AbstractBeanFactory.java:199)
	at org.springframework.beans.factory.config.DependencyDescriptor.resolveCandidate(DependencyDescriptor.java:251)
	at org.springframework.beans.factory.support.DefaultListableBeanFactory.doResolveDependency(DefaultListableBeanFactory.java:1138)
	at org.springframework.beans.factory.support.DefaultListableBeanFactory.resolveDependency(DefaultListableBeanFactory.java:1065)
	at org.springframework.beans.factory.support.ConstructorResolver.resolveAutowiredArgument(ConstructorResolver.java:818)
	at org.springframework.beans.factory.support.ConstructorResolver.createArgumentArray(ConstructorResolver.java:724)
	... 46 common frames omitted
Caused by: org.springframework.beans.factory.BeanCreationException: Error creating bean with name 'dataSource' defined in class path resource [com/bootdo/common/config/DruidDBConfig.class]: Invocation of init method failed; nested exception is com.mysql.cj.jdbc.exceptions.CommunicationsException: Communications link failure

The last packet sent successfully to the server was 0 milliseconds ago. The driver has not received any packets from the server.
	at org.springframework.beans.factory.support.AbstractAutowireCapableBeanFactory.initializeBean(AbstractAutowireCapableBeanFactory.java:1708)
	at org.springframework.beans.factory.support.AbstractAutowireCapableBeanFactory.doCreateBean(AbstractAutowireCapableBeanFactory.java:581)
	at org.springframework.beans.factory.support.AbstractAutowireCapableBeanFactory.createBean(AbstractAutowireCapableBeanFactory.java:503)
	at org.springframework.beans.factory.support.AbstractBeanFactory.lambda$doGetBean$0(AbstractBeanFactory.java:317)
	at org.springframework.beans.factory.support.DefaultSingletonBeanRegistry.getSingleton(DefaultSingletonBeanRegistry.java:222)
	at org.springframework.beans.factory.support.AbstractBeanFactory.doGetBean(AbstractBeanFactory.java:315)
	at org.springframework.beans.factory.support.AbstractBeanFactory.getBean(AbstractBeanFactory.java:199)
	at org.springframework.beans.factory.config.DependencyDescriptor.resolveCandidate(DependencyDescriptor.java:251)
	at org.springframework.beans.factory.support.DefaultListableBeanFactory.doResolveDependency(DefaultListableBeanFactory.java:1138)
	at org.springframework.beans.factory.support.DefaultListableBeanFactory.resolveDependency(DefaultListableBeanFactory.java:1065)
	at org.springframework.beans.factory.support.ConstructorResolver.resolveAutowiredArgument(ConstructorResolver.java:818)
	at org.springframework.beans.factory.support.ConstructorResolver.createArgumentArray(ConstructorResolver.java:724)
	... 60 common frames omitted
Caused by: com.mysql.cj.jdbc.exceptions.CommunicationsException: Communications link failure

The last packet sent successfully to the server was 0 milliseconds ago. The driver has not received any packets from the server.
	at com.mysql.cj.jdbc.exceptions.SQLError.createCommunicationsException(SQLError.java:174)
	at com.mysql.cj.jdbc.exceptions.SQLExceptionsMapping.translateException(SQLExceptionsMapping.java:64)
	at com.mysql.cj.jdbc.ConnectionImpl.createNewIO(ConnectionImpl.java:835)
	at com.mysql.cj.jdbc.ConnectionImpl.<init>(ConnectionImpl.java:455)
	at com.mysql.cj.jdbc.ConnectionImpl.getInstance(ConnectionImpl.java:240)
	at com.mysql.cj.jdbc.NonRegisteringDriver.connect(NonRegisteringDriver.java:199)
	at com.alibaba.druid.filter.FilterChainImpl.connection_connect(FilterChainImpl.java:148)
	at com.alibaba.druid.filter.FilterAdapter.connection_connect(FilterAdapter.java:785)
	at com.alibaba.druid.filter.FilterEventAdapter.connection_connect(FilterEventAdapter.java:38)
	at com.alibaba.druid.filter.FilterChainImpl.connection_connect(FilterChainImpl.java:142)
	at com.alibaba.druid.filter.FilterAdapter.connection_connect(FilterAdapter.java:785)
	at com.alibaba.druid.filter.FilterChainImpl.connection_connect(FilterChainImpl.java:142)
	at com.alibaba.druid.filter.stat.StatFilter.connection_connect(StatFilter.java:211)
	at com.alibaba.druid.filter.FilterChainImpl.connection_connect(FilterChainImpl.java:142)
	at com.alibaba.druid.pool.DruidAbstractDataSource.createPhysicalConnection(DruidAbstractDataSource.java:1454)
	at com.alibaba.druid.pool.DruidAbstractDataSource.createPhysicalConnection(DruidAbstractDataSource.java:1516)
	at com.alibaba.druid.pool.DruidDataSource.init(DruidDataSource.java:734)
	at java.base/jdk.internal.reflect.NativeMethodAccessorImpl.invoke0(Native Method)
	at java.base/jdk.internal.reflect.NativeMethodAccessorImpl.invoke(NativeMethodAccessorImpl.java:62)
	at java.base/jdk.internal.reflect.DelegatingMethodAccessorImpl.invoke(DelegatingMethodAccessorImpl.java:43)
	at java.base/java.lang.reflect.Method.invoke(Method.java:566)
	at org.springframework.beans.factory.support.AbstractAutowireCapableBeanFactory.invokeCustomInitMethod(AbstractAutowireCapableBeanFactory.java:1833)
	at org.springframework.beans.factory.support.AbstractAutowireCapableBeanFactory.invokeInitMethods(AbstractAutowireCapableBeanFactory.java:1776)
	at org.springframework.beans.factory.support.AbstractAutowireCapableBeanFactory.initializeBean(AbstractAutowireCapableBeanFactory.java:1704)
	... 71 common frames omitted
Caused by: com.mysql.cj.exceptions.CJCommunicationsException: Communications link failure

The last packet sent successfully to the server was 0 milliseconds ago. The driver has not received any packets from the server.
	at java.base/jdk.internal.reflect.NativeConstructorAccessorImpl.newInstance0(Native Method)
	at java.base/jdk.internal.reflect.NativeConstructorAccessorImpl.newInstance(NativeConstructorAccessorImpl.java:62)
	at java.base/jdk.internal.reflect.DelegatingConstructorAccessorImpl.newInstance(DelegatingConstructorAccessorImpl.java:45)
	at java.base/java.lang.reflect.Constructor.newInstance(Constructor.java:490)
	at com.mysql.cj.exceptions.ExceptionFactory.createException(ExceptionFactory.java:61)
	at com.mysql.cj.exceptions.ExceptionFactory.createException(ExceptionFactory.java:105)
	at com.mysql.cj.exceptions.ExceptionFactory.createException(ExceptionFactory.java:151)
	at com.mysql.cj.exceptions.ExceptionFactory.createCommunicationsException(ExceptionFactory.java:167)
	at com.mysql.cj.protocol.a.NativeSocketConnection.connect(NativeSocketConnection.java:91)
	at com.mysql.cj.NativeSession.connect(NativeSession.java:152)
	at com.mysql.cj.jdbc.ConnectionImpl.connectOneTryOnly(ConnectionImpl.java:955)
	at com.mysql.cj.jdbc.ConnectionImpl.createNewIO(ConnectionImpl.java:825)
	... 92 common frames omitted
Caused by: java.net.ConnectException: Connection refused: connect
	at java.base/java.net.PlainSocketImpl.connect0(Native Method)
	at java.base/java.net.PlainSocketImpl.socketConnect(PlainSocketImpl.java:101)
	at java.base/java.net.AbstractPlainSocketImpl.doConnect(AbstractPlainSocketImpl.java:399)
	at java.base/java.net.AbstractPlainSocketImpl.connectToAddress(AbstractPlainSocketImpl.java:242)
	at java.base/java.net.AbstractPlainSocketImpl.connect(AbstractPlainSocketImpl.java:224)
	at java.base/java.net.SocksSocketImpl.connect(SocksSocketImpl.java:403)
	at java.base/java.net.Socket.connect(Socket.java:591)
	at com.mysql.cj.protocol.StandardSocketFactory.connect(StandardSocketFactory.java:155)
	at com.mysql.cj.protocol.a.NativeSocketConnection.connect(NativeSocketConnection.java:65)
	... 95 common frames omitted
2019-03-18 09:26:06 -Starting BootdoApplication on DESKTOP-D0RSV36 with PID 3856 (D:\WorkSpace\SpringBoot\bootdo\bootdo\target\classes started by 山羊 in d:\WorkSpace\SpringBoot\bootdo\bootdo)
2019-03-18 09:26:06 -Running with Spring Boot v2.0.3.RELEASE, Spring v5.0.7.RELEASE
2019-03-18 09:26:06 -The following profiles are active: dev
2019-03-18 09:26:06 -Refreshing org.springframework.boot.web.servlet.context.AnnotationConfigServletWebServerApplicationContext@2a8d39c4: startup date [Mon Mar 18 09:26:06 CST 2019]; root of context hierarchy
2019-03-18 09:26:07 -Multiple Spring Data modules found, entering strict repository configuration mode!
2019-03-18 09:26:08 -Bean 'org.springframework.transaction.annotation.ProxyTransactionManagementConfiguration' of type [org.springframework.transaction.annotation.ProxyTransactionManagementConfiguration$$EnhancerBySpringCGLIB$$e43314f2] is not eligible for getting processed by all BeanPostProcessors (for example: not eligible for auto-proxying)
2019-03-18 09:26:08 -Bean 'shiroConfig' of type [com.bootdo.system.config.ShiroConfig$$EnhancerBySpringCGLIB$$d68c4399] is not eligible for getting processed by all BeanPostProcessors (for example: not eligible for auto-proxying)
2019-03-18 09:26:08 -Bean 'userRealm' of type [com.bootdo.system.shiro.UserRealm] is not eligible for getting processed by all BeanPostProcessors (for example: not eligible for auto-proxying)
2019-03-18 09:26:08 -Bean 'cacheManager2' of type [net.sf.ehcache.CacheManager] is not eligible for getting processed by all BeanPostProcessors (for example: not eligible for auto-proxying)
2019-03-18 09:26:08 -Bean 'ehCacheManager' of type [org.apache.shiro.cache.ehcache.EhCacheManager] is not eligible for getting processed by all BeanPostProcessors (for example: not eligible for auto-proxying)
2019-03-18 09:26:08 -Cache with name 'com.bootdo.system.shiro.UserRealm.authorizationCache' does not yet exist.  Creating now.
2019-03-18 09:26:08 -Added EhCache named [com.bootdo.system.shiro.UserRealm.authorizationCache]
2019-03-18 09:26:08 -Bean 'sessionDAO' of type [org.apache.shiro.session.mgt.eis.MemorySessionDAO] is not eligible for getting processed by all BeanPostProcessors (for example: not eligible for auto-proxying)
2019-03-18 09:26:08 -Bean 'sessionManager' of type [org.apache.shiro.web.session.mgt.DefaultWebSessionManager] is not eligible for getting processed by all BeanPostProcessors (for example: not eligible for auto-proxying)
2019-03-18 09:26:08 -Bean 'securityManager' of type [org.apache.shiro.web.mgt.DefaultWebSecurityManager] is not eligible for getting processed by all BeanPostProcessors (for example: not eligible for auto-proxying)
2019-03-18 09:26:08 -Bean 'authorizationAttributeSourceAdvisor' of type [org.apache.shiro.spring.security.interceptor.AuthorizationAttributeSourceAdvisor] is not eligible for getting processed by all BeanPostProcessors (for example: not eligible for auto-proxying)
2019-03-18 09:26:09 -Tomcat initialized with port(s): 8124 (http)
2019-03-18 09:26:09 -Initializing ProtocolHandler ["http-nio-8124"]
2019-03-18 09:26:09 -Starting service [Tomcat]
2019-03-18 09:26:09 -Starting Servlet Engine: Apache Tomcat/8.5.31
2019-03-18 09:26:09 -The APR based Apache Tomcat Native library which allows optimal performance in production environments was not found on the java.library.path: [C:\Program Files\Java\jdk-11.0.2\bin;C:\Windows\Sun\Java\bin;C:\Windows\system32;C:\Windows;C:\Program Files (x86)\Intel\Intel(R) Management Engine Components\iCLS\;C:\Program Files\Intel\Intel(R) Management Engine Components\iCLS\;C:\Windows\system32;C:\Windows;C:\Windows\System32\Wbem;C:\Windows\System32\WindowsPowerShell\v1.0\;C:\Windows\System32\OpenSSH\;C:\Program Files (x86)\Intel\Intel(R) Management Engine Components\DAL;C:\Program Files\Intel\Intel(R) Management Engine Components\DAL;C:\Program Files\Intel\WiFi\bin\;C:\Program Files\Common Files\Intel\WirelessCommon\;C:\Program Files\NVIDIA Corporation\NVIDIA NvDLISR;C:\Program Files\NVIDIA Corporation\NVIDIA NGX;C:\Program Files (x86)\NVIDIA Corporation\PhysX\Common;C:\apache\apache-maven-3.6.0\bin;C:\Program Files\Java\jdk-11.0.2\bin;D:\WorkSpace\SqlServer\ShareSpace x86\140\Tools\Binn\;D:\WorkSpace\SqlServer\ShareSpace\140\Tools\Binn\;D:\WorkSpace\SqlServer\ShareSpace x86\140\DTS\Binn\;D:\WorkSpace\SqlServer\ShareSpace\140\DTS\Binn\;D:\WorkSpace\SqlServer\ShareSpace\Client SDK\ODBC\130\Tools\Binn\;C:\apache\mysql-8.0.15-winx64\bin;D:\software\nodejs\;C:\Users\山羊\AppData\Local\Microsoft\WindowsApps;D:\software\Microsoft VS Code\bin;D:\快捷方式;C:\Users\山羊\AppData\Roaming\npm;.]
2019-03-18 09:26:09 -Initializing Spring embedded WebApplicationContext
2019-03-18 09:26:09 -Root WebApplicationContext: initialization completed in 2797 ms
2019-03-18 09:26:09 -Mapping filter: 'characterEncodingFilter' to: [/*]
2019-03-18 09:26:09 -Mapping filter: 'hiddenHttpMethodFilter' to: [/*]
2019-03-18 09:26:09 -Mapping filter: 'httpPutFormContentFilter' to: [/*]
2019-03-18 09:26:09 -Mapping filter: 'requestContextFilter' to: [/*]
2019-03-18 09:26:09 -Filter xssFilter was not registered (disabled)
2019-03-18 09:26:09 -Mapping filter: 'webStatFilter' to urls: [/*]
2019-03-18 09:26:09 -Mapping filter: 'shiroFilterFactoryBean' to: [/*]
2019-03-18 09:26:09 -Servlet statViewServlet mapped to [/druid/*]
2019-03-18 09:26:09 -Servlet dispatcherServlet mapped to [/]
2019-03-18 09:26:11 -ProcessEngine default created
2019-03-18 09:26:11 -ApplicationContext registed-->org.springframework.boot.web.servlet.context.AnnotationConfigServletWebServerApplicationContext@2a8d39c4: startup date [Mon Mar 18 09:26:06 CST 2019]; root of context hierarchy
2019-03-18 09:26:11 -Using default implementation for ThreadExecutor
2019-03-18 09:26:11 -Initialized Scheduler Signaller of type: class org.quartz.core.SchedulerSignalerImpl
2019-03-18 09:26:11 -Quartz Scheduler v.2.2.1 created.
2019-03-18 09:26:11 -RAMJobStore initialized.
2019-03-18 09:26:11 -Scheduler meta-data: Quartz Scheduler (v2.2.1) 'schedulerFactoryBean' with instanceId 'NON_CLUSTERED'
  Scheduler class: 'org.quartz.core.QuartzScheduler' - running locally.
  NOT STARTED.
  Currently in standby mode.
  Number of jobs executed: 0
  Using thread pool 'org.quartz.simpl.SimpleThreadPool' - with 10 threads.
  Using job-store 'org.quartz.simpl.RAMJobStore' - which does not support persistence. and is not clustered.

2019-03-18 09:26:11 -Quartz scheduler 'schedulerFactoryBean' initialized from an externally provided properties instance.
2019-03-18 09:26:11 -Quartz scheduler version: 2.2.1
2019-03-18 09:26:11 -JobFactory set to: com.bootdo.common.quartz.factory.JobFactory@16257f8c
2019-03-18 09:26:11 -Initializing ExecutorService  'clientInboundChannelExecutor'
2019-03-18 09:26:12 -Initializing ExecutorService  'clientOutboundChannelExecutor'
2019-03-18 09:26:12 -Mapped "{[/activiti/model/{id}],methods=[DELETE]}" onto public com.bootdo.common.utils.R com.bootdo.activiti.controller.ModelController.remove(java.lang.String)
2019-03-18 09:26:12 -Mapped "{[/activiti/model/list],methods=[GET]}" onto com.bootdo.common.utils.PageUtils com.bootdo.activiti.controller.ModelController.list(int,int)
2019-03-18 09:26:12 -Mapped "{[/activiti/model/batchRemove],methods=[POST]}" onto public com.bootdo.common.utils.R com.bootdo.activiti.controller.ModelController.batchRemove(java.lang.String[])
2019-03-18 09:26:12 -Mapped "{[/activiti/model],methods=[GET]}" onto org.springframework.web.servlet.ModelAndView com.bootdo.activiti.controller.ModelController.model()
2019-03-18 09:26:12 -Mapped "{[/activiti/model/{modelId}/save],methods=[PUT]}" onto public void com.bootdo.activiti.controller.ModelController.saveModel(java.lang.String,java.lang.String,java.lang.String,java.lang.String,java.lang.String)
2019-03-18 09:26:12 -Mapped "{[/activiti/model/{modelId}/json],methods=[GET]}" onto public com.fasterxml.jackson.databind.node.ObjectNode com.bootdo.activiti.controller.ModelController.getEditorJson(java.lang.String)
2019-03-18 09:26:12 -Mapped "{[/activiti/model/deploy/{id}],methods=[POST]}" onto public com.bootdo.common.utils.R com.bootdo.activiti.controller.ModelController.deploy(java.lang.String) throws java.lang.Exception
2019-03-18 09:26:12 -Mapped "{[/activiti/editor/stencilset],methods=[GET],produces=[application/json;charset=utf-8]}" onto public java.lang.String com.bootdo.activiti.controller.ModelController.getStencilset()
2019-03-18 09:26:12 -Mapped "{[/activiti/model/edit/{id}],methods=[GET]}" onto public void com.bootdo.activiti.controller.ModelController.edit(javax.servlet.http.HttpServletResponse,java.lang.String)
2019-03-18 09:26:12 -Mapped "{[/activiti/model/add]}" onto public void com.bootdo.activiti.controller.ModelController.newModel(javax.servlet.http.HttpServletResponse) throws java.io.UnsupportedEncodingException
2019-03-18 09:26:12 -Mapped "{[/activiti/model/export/{id}],methods=[GET]}" onto public void com.bootdo.activiti.controller.ModelController.exportToXml(java.lang.String,javax.servlet.http.HttpServletResponse)
2019-03-18 09:26:12 -Mapped "{[/activiti/process/add],methods=[GET]}" onto public org.springframework.web.servlet.ModelAndView com.bootdo.activiti.controller.ProcessController.add()
2019-03-18 09:26:12 -Mapped "{[/activiti/process/remove],methods=[POST]}" onto public com.bootdo.common.utils.R com.bootdo.activiti.controller.ProcessController.remove(java.lang.String)
2019-03-18 09:26:12 -Mapped "{[/activiti/process/list],methods=[GET]}" onto com.bootdo.common.utils.PageUtils com.bootdo.activiti.controller.ProcessController.list(int,int)
2019-03-18 09:26:12 -Mapped "{[/activiti/process/batchRemove],methods=[POST]}" onto public com.bootdo.common.utils.R com.bootdo.activiti.controller.ProcessController.batchRemove(java.lang.String[])
2019-03-18 09:26:12 -Mapped "{[/activiti/process],methods=[GET]}" onto org.springframework.web.servlet.ModelAndView com.bootdo.activiti.controller.ProcessController.process()
2019-03-18 09:26:12 -Mapped "{[/activiti/process/save],methods=[POST]}" onto public com.bootdo.common.utils.R com.bootdo.activiti.controller.ProcessController.deploy(java.lang.String,java.lang.String,org.springframework.web.multipart.MultipartFile)
2019-03-18 09:26:12 -Mapped "{[/activiti/process/resource/read/{xml}/{id}]}" onto public void com.bootdo.activiti.controller.ProcessController.resourceRead(java.lang.String,java.lang.String,javax.servlet.http.HttpServletResponse) throws java.lang.Exception
2019-03-18 09:26:12 -Mapped "{[/activiti/process/convertToModel/{procDefId}]}" onto public com.bootdo.common.utils.R com.bootdo.activiti.controller.ProcessController.convertToModel(java.lang.String,org.springframework.web.servlet.mvc.support.RedirectAttributes) throws java.io.UnsupportedEncodingException,javax.xml.stream.XMLStreamException
2019-03-18 09:26:12 -Mapped "{[/act/salary/form],methods=[GET]}" onto java.lang.String com.bootdo.activiti.controller.SalaryController.add()
2019-03-18 09:26:12 -Mapped "{[/act/salary/remove],methods=[POST]}" onto public com.bootdo.common.utils.R com.bootdo.activiti.controller.SalaryController.remove(java.lang.String)
2019-03-18 09:26:12 -Mapped "{[/act/salary/batchRemove],methods=[POST]}" onto public com.bootdo.common.utils.R com.bootdo.activiti.controller.SalaryController.remove(java.lang.String[])
2019-03-18 09:26:12 -Mapped "{[/act/salary/update]}" onto public com.bootdo.common.utils.R com.bootdo.activiti.controller.SalaryController.update(com.bootdo.activiti.domain.SalaryDO)
2019-03-18 09:26:12 -Mapped "{[/act/salary/list],methods=[GET]}" onto public com.bootdo.common.utils.PageUtils com.bootdo.activiti.controller.SalaryController.list(java.util.Map<java.lang.String, java.lang.Object>)
2019-03-18 09:26:12 -Mapped "{[/act/salary/form/{taskId}],methods=[GET]}" onto java.lang.String com.bootdo.activiti.controller.SalaryController.edit(java.lang.String,org.springframework.ui.Model)
2019-03-18 09:26:12 -Mapped "{[/act/salary],methods=[GET]}" onto java.lang.String com.bootdo.activiti.controller.SalaryController.Salary()
2019-03-18 09:26:12 -Mapped "{[/act/salary/save],methods=[POST]}" onto public com.bootdo.common.utils.R com.bootdo.activiti.controller.SalaryController.saveOrUpdate(com.bootdo.activiti.domain.SalaryDO)
2019-03-18 09:26:12 -Mapped "{[/activiti/task/gotoList],methods=[GET]}" onto com.bootdo.common.utils.PageUtils com.bootdo.activiti.controller.TaskController.list(int,int)
2019-03-18 09:26:12 -Mapped "{[/activiti/task/form/{procDefId}/{taskId}],methods=[GET]}" onto public void com.bootdo.activiti.controller.TaskController.form(java.lang.String,java.lang.String,javax.servlet.http.HttpServletResponse) throws java.io.IOException
2019-03-18 09:26:12 -Mapped "{[/activiti/task/form/{procDefId}],methods=[GET]}" onto public void com.bootdo.activiti.controller.TaskController.startForm(java.lang.String,javax.servlet.http.HttpServletResponse) throws java.io.IOException
2019-03-18 09:26:12 -Mapped "{[/activiti/task/todo],methods=[GET]}" onto org.springframework.web.servlet.ModelAndView com.bootdo.activiti.controller.TaskController.todo()
2019-03-18 09:26:12 -Mapped "{[/activiti/task/todoList],methods=[GET]}" onto java.util.List<com.bootdo.activiti.vo.TaskVO> com.bootdo.activiti.controller.TaskController.todoList()
2019-03-18 09:26:12 -Mapped "{[/activiti/task/trace/photo/{procDefId}/{execId}]}" onto public void com.bootdo.activiti.controller.TaskController.tracePhoto(java.lang.String,java.lang.String,javax.servlet.http.HttpServletResponse) throws java.lang.Exception
2019-03-18 09:26:12 -Mapped "{[/activiti/task/goto],methods=[GET]}" onto public org.springframework.web.servlet.ModelAndView com.bootdo.activiti.controller.TaskController.gotoTask()
2019-03-18 09:26:12 -Mapped "{[/blog/open/post/{cid}],methods=[GET]}" onto java.lang.String com.bootdo.blog.controller.BlogController.post(java.lang.Long,org.springframework.ui.Model)
2019-03-18 09:26:12 -Mapped "{[/blog/open/page/{categories}],methods=[GET]}" onto java.lang.String com.bootdo.blog.controller.BlogController.about(java.lang.String,org.springframework.ui.Model)
2019-03-18 09:26:12 -Mapped "{[/blog],methods=[GET]}" onto java.lang.String com.bootdo.blog.controller.BlogController.blog()
2019-03-18 09:26:12 -Mapped "{[/blog/open/list],methods=[GET]}" onto public com.bootdo.common.utils.PageUtils com.bootdo.blog.controller.BlogController.opentList(java.util.Map<java.lang.String, java.lang.Object>)
2019-03-18 09:26:12 -Mapped "{[/blog/bContent/add],methods=[GET]}" onto java.lang.String com.bootdo.blog.controller.ContentController.add()
2019-03-18 09:26:12 -Mapped "{[/blog/bContent/remove],methods=[POST]}" onto public com.bootdo.common.utils.R com.bootdo.blog.controller.ContentController.remove(java.lang.Long)
2019-03-18 09:26:12 -Mapped "{[/blog/bContent/batchRemove],methods=[POST]}" onto public com.bootdo.common.utils.R com.bootdo.blog.controller.ContentController.remove(java.lang.Long[])
2019-03-18 09:26:12 -Mapped "{[/blog/bContent/update]}" onto public com.bootdo.common.utils.R com.bootdo.blog.controller.ContentController.update(com.bootdo.blog.domain.ContentDO)
2019-03-18 09:26:12 -Mapped "{[/blog/bContent/list],methods=[GET]}" onto public com.bootdo.common.utils.PageUtils com.bootdo.blog.controller.ContentController.list(java.util.Map<java.lang.String, java.lang.Object>)
2019-03-18 09:26:12 -Mapped "{[/blog/bContent/save],methods=[POST]}" onto public com.bootdo.common.utils.R com.bootdo.blog.controller.ContentController.save(com.bootdo.blog.domain.ContentDO)
2019-03-18 09:26:12 -Mapped "{[/blog/bContent/edit/{cid}],methods=[GET]}" onto java.lang.String com.bootdo.blog.controller.ContentController.edit(java.lang.Long,org.springframework.ui.Model)
2019-03-18 09:26:12 -Mapped "{[/blog/bContent],methods=[GET]}" onto java.lang.String com.bootdo.blog.controller.ContentController.bContent()
2019-03-18 09:26:12 -Mapped "{[/common/dict/add],methods=[GET]}" onto java.lang.String com.bootdo.common.controller.DictController.add()
2019-03-18 09:26:12 -Mapped "{[/common/dict/remove],methods=[POST]}" onto public com.bootdo.common.utils.R com.bootdo.common.controller.DictController.remove(java.lang.Long)
2019-03-18 09:26:12 -Mapped "{[/common/dict/batchRemove],methods=[POST]}" onto public com.bootdo.common.utils.R com.bootdo.common.controller.DictController.remove(java.lang.Long[])
2019-03-18 09:26:12 -Mapped "{[/common/dict/update]}" onto public com.bootdo.common.utils.R com.bootdo.common.controller.DictController.update(com.bootdo.common.domain.DictDO)
2019-03-18 09:26:12 -Mapped "{[/common/dict/list],methods=[GET]}" onto public com.bootdo.common.utils.PageUtils com.bootdo.common.controller.DictController.list(java.util.Map<java.lang.String, java.lang.Object>)
2019-03-18 09:26:12 -Mapped "{[/common/dict/save],methods=[POST]}" onto public com.bootdo.common.utils.R com.bootdo.common.controller.DictController.save(com.bootdo.common.domain.DictDO)
2019-03-18 09:26:12 -Mapped "{[/common/dict/type],methods=[GET]}" onto public java.util.List<com.bootdo.common.domain.DictDO> com.bootdo.common.controller.DictController.listType()
2019-03-18 09:26:12 -Mapped "{[/common/dict/edit/{id}],methods=[GET]}" onto java.lang.String com.bootdo.common.controller.DictController.edit(java.lang.Long,org.springframework.ui.Model)
2019-03-18 09:26:12 -Mapped "{[/common/dict/list/{type}],methods=[GET]}" onto public java.util.List<com.bootdo.common.domain.DictDO> com.bootdo.common.controller.DictController.listByType(java.lang.String)
2019-03-18 09:26:12 -Mapped "{[/common/dict],methods=[GET]}" onto java.lang.String com.bootdo.common.controller.DictController.dict()
2019-03-18 09:26:12 -Mapped "{[/common/dict/add/{type}/{description}],methods=[GET]}" onto java.lang.String com.bootdo.common.controller.DictController.addD(org.springframework.ui.Model,java.lang.String,java.lang.String)
2019-03-18 09:26:12 -Mapped "{[/common/sysFile/add],methods=[GET]}" onto java.lang.String com.bootdo.common.controller.FileController.add()
2019-03-18 09:26:12 -Mapped "{[/common/sysFile/remove],methods=[POST]}" onto public com.bootdo.common.utils.R com.bootdo.common.controller.FileController.remove(java.lang.Long,javax.servlet.http.HttpServletRequest)
2019-03-18 09:26:12 -Mapped "{[/common/sysFile/batchRemove],methods=[POST]}" onto public com.bootdo.common.utils.R com.bootdo.common.controller.FileController.remove(java.lang.Long[])
2019-03-18 09:26:12 -Mapped "{[/common/sysFile/update]}" onto public com.bootdo.common.utils.R com.bootdo.common.controller.FileController.update(com.bootdo.common.domain.FileDO)
2019-03-18 09:26:12 -Mapped "{[/common/sysFile/list],methods=[GET]}" onto public com.bootdo.common.utils.PageUtils com.bootdo.common.controller.FileController.list(java.util.Map<java.lang.String, java.lang.Object>)
2019-03-18 09:26:12 -Mapped "{[/common/sysFile/info/{id}]}" onto public com.bootdo.common.utils.R com.bootdo.common.controller.FileController.info(java.lang.Long)
2019-03-18 09:26:12 -Mapped "{[/common/sysFile/save],methods=[POST]}" onto public com.bootdo.common.utils.R com.bootdo.common.controller.FileController.save(com.bootdo.common.domain.FileDO)
2019-03-18 09:26:12 -Mapped "{[/common/sysFile/edit],methods=[GET]}" onto java.lang.String com.bootdo.common.controller.FileController.edit(java.lang.Long,org.springframework.ui.Model)
2019-03-18 09:26:12 -Mapped "{[/common/sysFile],methods=[GET]}" onto java.lang.String com.bootdo.common.controller.FileController.sysFile(org.springframework.ui.Model)
2019-03-18 09:26:12 -Mapped "{[/common/sysFile/download],methods=[GET]}" onto public void com.bootdo.common.controller.FileController.download(java.lang.Long,javax.servlet.http.HttpServletResponse)
2019-03-18 09:26:12 -Mapped "{[/common/sysFile/upload],methods=[POST]}" onto com.bootdo.common.utils.R com.bootdo.common.controller.FileController.upload(org.springframework.web.multipart.MultipartFile,javax.servlet.http.HttpServletRequest)
2019-03-18 09:26:12 -Mapped "{[/common/generator/update],methods=[POST]}" onto com.bootdo.common.utils.R com.bootdo.common.controller.GeneratorController.update(java.util.Map<java.lang.String, java.lang.Object>)
2019-03-18 09:26:12 -Mapped "{[/common/generator/list],methods=[GET]}" onto java.util.List<java.util.Map<java.lang.String, java.lang.Object>> com.bootdo.common.controller.GeneratorController.list()
2019-03-18 09:26:12 -Mapped "{[/common/generator],methods=[GET]}" onto java.lang.String com.bootdo.common.controller.GeneratorController.generator()
2019-03-18 09:26:12 -Mapped "{[/common/generator/code/{tableName}]}" onto public void com.bootdo.common.controller.GeneratorController.code(javax.servlet.http.HttpServletRequest,javax.servlet.http.HttpServletResponse,java.lang.String) throws java.io.IOException
2019-03-18 09:26:12 -Mapped "{[/common/generator/edit],methods=[GET]}" onto public java.lang.String com.bootdo.common.controller.GeneratorController.edit(org.springframework.ui.Model)
2019-03-18 09:26:12 -Mapped "{[/common/generator/batchCode]}" onto public void com.bootdo.common.controller.GeneratorController.batchCode(javax.servlet.http.HttpServletRequest,javax.servlet.http.HttpServletResponse,java.lang.String) throws java.io.IOException
2019-03-18 09:26:12 -Mapped "{[/common/job/add],methods=[GET]}" onto java.lang.String com.bootdo.common.controller.JobController.add()
2019-03-18 09:26:12 -Mapped "{[/common/job/remove],methods=[POST]}" onto public com.bootdo.common.utils.R com.bootdo.common.controller.JobController.remove(java.lang.Long)
2019-03-18 09:26:12 -Mapped "{[/common/job/batchRemove],methods=[POST]}" onto public com.bootdo.common.utils.R com.bootdo.common.controller.JobController.remove(java.lang.Long[])
2019-03-18 09:26:12 -Mapped "{[/common/job/update],methods=[POST]}" onto public com.bootdo.common.utils.R com.bootdo.common.controller.JobController.update(com.bootdo.common.domain.TaskDO)
2019-03-18 09:26:12 -Mapped "{[/common/job/list],methods=[GET]}" onto public com.bootdo.common.utils.PageUtils com.bootdo.common.controller.JobController.list(java.util.Map<java.lang.String, java.lang.Object>)
2019-03-18 09:26:12 -Mapped "{[/common/job/info/{id}]}" onto public com.bootdo.common.utils.R com.bootdo.common.controller.JobController.info(java.lang.Long)
2019-03-18 09:26:12 -Mapped "{[/common/job/save],methods=[POST]}" onto public com.bootdo.common.utils.R com.bootdo.common.controller.JobController.save(com.bootdo.common.domain.TaskDO)
2019-03-18 09:26:12 -Mapped "{[/common/job/edit/{id}],methods=[GET]}" onto java.lang.String com.bootdo.common.controller.JobController.edit(java.lang.Long,org.springframework.ui.Model)
2019-03-18 09:26:12 -Mapped "{[/common/job/changeJobStatus],methods=[POST]}" onto public com.bootdo.common.utils.R com.bootdo.common.controller.JobController.changeJobStatus(java.lang.Long,java.lang.String)
2019-03-18 09:26:12 -Mapped "{[/common/job],methods=[GET]}" onto java.lang.String com.bootdo.common.controller.JobController.taskScheduleJob()
2019-03-18 09:26:12 -Mapped "{[/common/log/remove],methods=[POST]}" onto com.bootdo.common.utils.R com.bootdo.common.controller.LogController.remove(java.lang.Long)
2019-03-18 09:26:12 -Mapped "{[/common/log],methods=[GET]}" onto java.lang.String com.bootdo.common.controller.LogController.log()
2019-03-18 09:26:12 -Mapped "{[/common/log/list],methods=[GET]}" onto com.bootdo.common.domain.PageDO<com.bootdo.common.domain.LogDO> com.bootdo.common.controller.LogController.list(java.util.Map<java.lang.String, java.lang.Object>)
2019-03-18 09:26:12 -Mapped "{[/common/log/batchRemove],methods=[POST]}" onto com.bootdo.common.utils.R com.bootdo.common.controller.LogController.batchRemove(java.lang.Long[])
2019-03-18 09:26:12 -Mapped "{[/error]}" onto public com.bootdo.common.utils.R com.bootdo.common.exception.MainsiteErrorController.handleError(javax.servlet.http.HttpServletRequest,javax.servlet.http.HttpServletResponse)
2019-03-18 09:26:12 -Mapped "{[/error],produces=[text/html]}" onto public org.springframework.web.servlet.ModelAndView com.bootdo.common.exception.MainsiteErrorController.errorHtml(javax.servlet.http.HttpServletRequest,javax.servlet.http.HttpServletResponse)
2019-03-18 09:26:12 -Mapped "{[/oa/notify/add],methods=[GET]}" onto java.lang.String com.bootdo.oa.controller.NotifyController.add()
2019-03-18 09:26:12 -Mapped "{[/oa/notify/remove],methods=[POST]}" onto public com.bootdo.common.utils.R com.bootdo.oa.controller.NotifyController.remove(java.lang.Long)
2019-03-18 09:26:12 -Mapped "{[/oa/notify/batchRemove],methods=[POST]}" onto public com.bootdo.common.utils.R com.bootdo.oa.controller.NotifyController.remove(java.lang.Long[])
2019-03-18 09:26:12 -Mapped "{[/oa/notify/update]}" onto public com.bootdo.common.utils.R com.bootdo.oa.controller.NotifyController.update(com.bootdo.oa.domain.NotifyDO)
2019-03-18 09:26:12 -Mapped "{[/oa/notify/list],methods=[GET]}" onto public com.bootdo.common.utils.PageUtils com.bootdo.oa.controller.NotifyController.list(java.util.Map<java.lang.String, java.lang.Object>)
2019-03-18 09:26:12 -Mapped "{[/oa/notify/message],methods=[GET]}" onto com.bootdo.common.utils.PageUtils com.bootdo.oa.controller.NotifyController.message()
2019-03-18 09:26:12 -Mapped "{[/oa/notify/read/{id}],methods=[GET]}" onto java.lang.String com.bootdo.oa.controller.NotifyController.read(java.lang.Long,org.springframework.ui.Model)
2019-03-18 09:26:12 -Mapped "{[/oa/notify/save],methods=[POST]}" onto public com.bootdo.common.utils.R com.bootdo.oa.controller.NotifyController.save(com.bootdo.oa.domain.NotifyDO)
2019-03-18 09:26:12 -Mapped "{[/oa/notify/edit/{id}],methods=[GET]}" onto java.lang.String com.bootdo.oa.controller.NotifyController.edit(java.lang.Long,org.springframework.ui.Model)
2019-03-18 09:26:12 -Mapped "{[/oa/notify/selfList],methods=[GET]}" onto com.bootdo.common.utils.PageUtils com.bootdo.oa.controller.NotifyController.selfList(java.util.Map<java.lang.String, java.lang.Object>)
2019-03-18 09:26:12 -Mapped "{[/oa/notify],methods=[GET]}" onto java.lang.String com.bootdo.oa.controller.NotifyController.oaNotify()
2019-03-18 09:26:12 -Mapped "{[/oa/notify/selfNotify],methods=[GET]}" onto java.lang.String com.bootdo.oa.controller.NotifyController.selefNotify()
2019-03-18 09:26:12 -Mapped "{[/shany/video/remove],methods=[POST]}" onto public void com.bootdo.shany.controller.VideoController.remove(java.lang.Long,javax.servlet.http.HttpServletRequest)
2019-03-18 09:26:12 -Mapped "{[/shany/video],methods=[GET],params=[/list && /index]}" onto public com.bootdo.common.utils.PageUtils com.bootdo.shany.controller.VideoController.list(java.util.Map<java.lang.String, java.lang.Object>)
2019-03-18 09:26:12 -Mapped "{[/shany/video/save],methods=[POST]}" onto public void com.bootdo.shany.controller.VideoController.save(javax.servlet.http.HttpServletRequest,com.bootdo.shany.domain.VideoDO)
2019-03-18 09:26:12 -Mapped "{[/shany/video],methods=[GET]}" onto java.lang.String com.bootdo.shany.controller.VideoController.video()
2019-03-18 09:26:12 -Mapped "{[/system/sysDept/add/{pId}],methods=[GET]}" onto java.lang.String com.bootdo.system.controller.DeptController.add(java.lang.Long,org.springframework.ui.Model)
2019-03-18 09:26:12 -Mapped "{[/system/sysDept/remove],methods=[POST]}" onto public com.bootdo.common.utils.R com.bootdo.system.controller.DeptController.remove(java.lang.Long)
2019-03-18 09:26:12 -Mapped "{[/system/sysDept/batchRemove],methods=[POST]}" onto public com.bootdo.common.utils.R com.bootdo.system.controller.DeptController.remove(java.lang.Long[])
2019-03-18 09:26:12 -Mapped "{[/system/sysDept/update]}" onto public com.bootdo.common.utils.R com.bootdo.system.controller.DeptController.update(com.bootdo.system.domain.DeptDO)
2019-03-18 09:26:12 -Mapped "{[/system/sysDept/list],methods=[GET]}" onto public java.util.List<com.bootdo.system.domain.DeptDO> com.bootdo.system.controller.DeptController.list()
2019-03-18 09:26:12 -Mapped "{[/system/sysDept/save],methods=[POST]}" onto public com.bootdo.common.utils.R com.bootdo.system.controller.DeptController.save(com.bootdo.system.domain.DeptDO)
2019-03-18 09:26:12 -Mapped "{[/system/sysDept/tree],methods=[GET]}" onto public com.bootdo.common.domain.Tree<com.bootdo.system.domain.DeptDO> com.bootdo.system.controller.DeptController.tree()
2019-03-18 09:26:12 -Mapped "{[/system/sysDept/edit/{deptId}],methods=[GET]}" onto java.lang.String com.bootdo.system.controller.DeptController.edit(java.lang.Long,org.springframework.ui.Model)
2019-03-18 09:26:12 -Mapped "{[/system/sysDept],methods=[GET]}" onto java.lang.String com.bootdo.system.controller.DeptController.dept()
2019-03-18 09:26:12 -Mapped "{[/system/sysDept/treeView],methods=[GET]}" onto java.lang.String com.bootdo.system.controller.DeptController.treeView()
2019-03-18 09:26:12 -Mapped "{[/index],methods=[GET]}" onto java.lang.String com.bootdo.system.controller.LoginController.index(org.springframework.ui.Model)
2019-03-18 09:26:12 -Mapped "{[/main],methods=[GET]}" onto java.lang.String com.bootdo.system.controller.LoginController.main()
2019-03-18 09:26:12 -Mapped "{[/login],methods=[GET]}" onto java.lang.String com.bootdo.system.controller.LoginController.login(org.springframework.ui.Model)
2019-03-18 09:26:12 -Mapped "{[/logout],methods=[GET]}" onto java.lang.String com.bootdo.system.controller.LoginController.logout()
2019-03-18 09:26:12 -Mapped "{[/ || ],methods=[GET]}" onto java.lang.String com.bootdo.system.controller.LoginController.welcome(org.springframework.ui.Model)
2019-03-18 09:26:12 -Mapped "{[/login],methods=[POST]}" onto com.bootdo.common.utils.R com.bootdo.system.controller.LoginController.ajaxLogin(java.lang.String,java.lang.String)
2019-03-18 09:26:12 -Mapped "{[/sys/menu/add/{pId}],methods=[GET]}" onto java.lang.String com.bootdo.system.controller.MenuController.add(org.springframework.ui.Model,java.lang.Long)
2019-03-18 09:26:12 -Mapped "{[/sys/menu/remove],methods=[POST]}" onto com.bootdo.common.utils.R com.bootdo.system.controller.MenuController.remove(java.lang.Long)
2019-03-18 09:26:12 -Mapped "{[/sys/menu/update],methods=[POST]}" onto com.bootdo.common.utils.R com.bootdo.system.controller.MenuController.update(com.bootdo.system.domain.MenuDO)
2019-03-18 09:26:12 -Mapped "{[/sys/menu/list]}" onto java.util.List<com.bootdo.system.domain.MenuDO> com.bootdo.system.controller.MenuController.list(java.util.Map<java.lang.String, java.lang.Object>)
2019-03-18 09:26:12 -Mapped "{[/sys/menu/save],methods=[POST]}" onto com.bootdo.common.utils.R com.bootdo.system.controller.MenuController.save(com.bootdo.system.domain.MenuDO)
2019-03-18 09:26:12 -Mapped "{[/sys/menu/tree/{roleId}],methods=[GET]}" onto com.bootdo.common.domain.Tree<com.bootdo.system.domain.MenuDO> com.bootdo.system.controller.MenuController.tree(java.lang.Long)
2019-03-18 09:26:12 -Mapped "{[/sys/menu/tree],methods=[GET]}" onto com.bootdo.common.domain.Tree<com.bootdo.system.domain.MenuDO> com.bootdo.system.controller.MenuController.tree()
2019-03-18 09:26:12 -Mapped "{[/sys/menu/edit/{id}],methods=[GET]}" onto java.lang.String com.bootdo.system.controller.MenuController.edit(org.springframework.ui.Model,java.lang.Long)
2019-03-18 09:26:12 -Mapped "{[/sys/menu],methods=[GET]}" onto java.lang.String com.bootdo.system.controller.MenuController.menu(org.springframework.ui.Model)
2019-03-18 09:26:12 -Mapped "{[/sys/role/add],methods=[GET]}" onto java.lang.String com.bootdo.system.controller.RoleController.add()
2019-03-18 09:26:12 -Mapped "{[/sys/role/update],methods=[POST]}" onto com.bootdo.common.utils.R com.bootdo.system.controller.RoleController.update(com.bootdo.system.domain.RoleDO)
2019-03-18 09:26:12 -Mapped "{[/sys/role/list],methods=[GET]}" onto java.util.List<com.bootdo.system.domain.RoleDO> com.bootdo.system.controller.RoleController.list()
2019-03-18 09:26:12 -Mapped "{[/sys/role/remove],methods=[POST]}" onto com.bootdo.common.utils.R com.bootdo.system.controller.RoleController.save(java.lang.Long)
2019-03-18 09:26:12 -Mapped "{[/sys/role/save],methods=[POST]}" onto com.bootdo.common.utils.R com.bootdo.system.controller.RoleController.save(com.bootdo.system.domain.RoleDO)
2019-03-18 09:26:12 -Mapped "{[/sys/role/batchRemove],methods=[POST]}" onto com.bootdo.common.utils.R com.bootdo.system.controller.RoleController.batchRemove(java.lang.Long[])
2019-03-18 09:26:12 -Mapped "{[/sys/role],methods=[GET]}" onto java.lang.String com.bootdo.system.controller.RoleController.role()
2019-03-18 09:26:12 -Mapped "{[/sys/role/edit/{id}],methods=[GET]}" onto java.lang.String com.bootdo.system.controller.RoleController.edit(java.lang.Long,org.springframework.ui.Model)
2019-03-18 09:26:12 -Mapped "{[/sys/online/list]}" onto public java.util.List<com.bootdo.system.domain.UserOnline> com.bootdo.system.controller.SessionController.list()
2019-03-18 09:26:12 -Mapped "{[/sys/online],methods=[GET]}" onto public java.lang.String com.bootdo.system.controller.SessionController.online()
2019-03-18 09:26:12 -Mapped "{[/sys/online/sessionList]}" onto public java.util.Collection<org.apache.shiro.session.Session> com.bootdo.system.controller.SessionController.sessionList()
2019-03-18 09:26:12 -Mapped "{[/sys/online/forceLogout/{sessionId}]}" onto public com.bootdo.common.utils.R com.bootdo.system.controller.SessionController.forceLogout(java.lang.String,org.springframework.web.servlet.mvc.support.RedirectAttributes)
2019-03-18 09:26:12 -Mapped "{[/sys/user/exit],methods=[POST]}" onto boolean com.bootdo.system.controller.UserController.exit(java.util.Map<java.lang.String, java.lang.Object>)
2019-03-18 09:26:12 -Mapped "{[/sys/user/add],methods=[GET]}" onto java.lang.String com.bootdo.system.controller.UserController.add(org.springframework.ui.Model)
2019-03-18 09:26:12 -Mapped "{[/sys/user/remove],methods=[POST]}" onto com.bootdo.common.utils.R com.bootdo.system.controller.UserController.remove(java.lang.Long)
2019-03-18 09:26:12 -Mapped "{[/sys/user/update],methods=[POST]}" onto com.bootdo.common.utils.R com.bootdo.system.controller.UserController.update(com.bootdo.system.domain.UserDO)
2019-03-18 09:26:12 -Mapped "{[/sys/user/list],methods=[GET]}" onto com.bootdo.common.utils.PageUtils com.bootdo.system.controller.UserController.list(java.util.Map<java.lang.String, java.lang.Object>)
2019-03-18 09:26:12 -Mapped "{[/sys/user/save],methods=[POST]}" onto com.bootdo.common.utils.R com.bootdo.system.controller.UserController.save(com.bootdo.system.domain.UserDO)
2019-03-18 09:26:12 -Mapped "{[/sys/user/batchRemove],methods=[POST]}" onto com.bootdo.common.utils.R com.bootdo.system.controller.UserController.batchRemove(java.lang.Long[])
2019-03-18 09:26:12 -Mapped "{[/sys/user],methods=[GET]}" onto java.lang.String com.bootdo.system.controller.UserController.user(org.springframework.ui.Model)
2019-03-18 09:26:12 -Mapped "{[/sys/user/tree],methods=[GET]}" onto public com.bootdo.common.domain.Tree<com.bootdo.system.domain.DeptDO> com.bootdo.system.controller.UserController.tree()
2019-03-18 09:26:12 -Mapped "{[/sys/user/edit/{id}],methods=[GET]}" onto java.lang.String com.bootdo.system.controller.UserController.edit(org.springframework.ui.Model,java.lang.Long)
2019-03-18 09:26:12 -Mapped "{[/sys/user/treeView],methods=[GET]}" onto java.lang.String com.bootdo.system.controller.UserController.treeView()
2019-03-18 09:26:12 -Mapped "{[/sys/user/resetPwd],methods=[POST]}" onto com.bootdo.common.utils.R com.bootdo.system.controller.UserController.resetPwd(com.bootdo.system.vo.UserVO)
2019-03-18 09:26:12 -Mapped "{[/sys/user/resetPwd/{id}],methods=[GET]}" onto java.lang.String com.bootdo.system.controller.UserController.resetPwd(java.lang.Long,org.springframework.ui.Model)
2019-03-18 09:26:12 -Mapped "{[/sys/user/updatePeronal],methods=[POST]}" onto com.bootdo.common.utils.R com.bootdo.system.controller.UserController.updatePeronal(com.bootdo.system.domain.UserDO)
2019-03-18 09:26:12 -Mapped "{[/sys/user/personal],methods=[GET]}" onto java.lang.String com.bootdo.system.controller.UserController.personal(org.springframework.ui.Model)
2019-03-18 09:26:12 -Mapped "{[/sys/user/uploadImg],methods=[POST]}" onto com.bootdo.common.utils.R com.bootdo.system.controller.UserController.uploadImg(org.springframework.web.multipart.MultipartFile,java.lang.String,javax.servlet.http.HttpServletRequest)
2019-03-18 09:26:12 -Mapped "{[/sys/user/adminResetPwd],methods=[POST]}" onto com.bootdo.common.utils.R com.bootdo.system.controller.UserController.adminResetPwd(com.bootdo.system.vo.UserVO)
2019-03-18 09:26:12 -Mapped "{[/v2/api-docs],methods=[GET],produces=[application/json || application/hal+json]}" onto public org.springframework.http.ResponseEntity<springfox.documentation.spring.web.json.Json> springfox.documentation.swagger2.web.Swagger2Controller.getDocumentation(java.lang.String,javax.servlet.http.HttpServletRequest)
2019-03-18 09:26:12 -Mapped "{[/swagger-resources/configuration/ui]}" onto org.springframework.http.ResponseEntity<springfox.documentation.swagger.web.UiConfiguration> springfox.documentation.swagger.web.ApiResourceController.uiConfiguration()
2019-03-18 09:26:12 -Mapped "{[/swagger-resources]}" onto org.springframework.http.ResponseEntity<java.util.List<springfox.documentation.swagger.web.SwaggerResource>> springfox.documentation.swagger.web.ApiResourceController.swaggerResources()
2019-03-18 09:26:12 -Mapped "{[/swagger-resources/configuration/security]}" onto org.springframework.http.ResponseEntity<springfox.documentation.swagger.web.SecurityConfiguration> springfox.documentation.swagger.web.ApiResourceController.securityConfiguration()
2019-03-18 09:26:12 -Initializing ExecutorService  'messageBrokerTaskScheduler'
2019-03-18 09:26:12 -Mapped URL path [/endpointChat/**] onto handler of type [class org.springframework.web.socket.sockjs.support.SockJsHttpRequestHandler]
2019-03-18 09:26:12 -Initializing ExecutorService  'brokerChannelExecutor'
2019-03-18 09:26:13 -Mapped URL path [/**/favicon.ico] onto handler of type [class org.springframework.web.servlet.resource.ResourceHttpRequestHandler]
2019-03-18 09:26:13 -Looking for @ControllerAdvice: org.springframework.boot.web.servlet.context.AnnotationConfigServletWebServerApplicationContext@2a8d39c4: startup date [Mon Mar 18 09:26:06 CST 2019]; root of context hierarchy
2019-03-18 09:26:13 -Mapped URL path [/webjars/**] onto handler of type [class org.springframework.web.servlet.resource.ResourceHttpRequestHandler]
2019-03-18 09:26:13 -Mapped URL path [/**] onto handler of type [class org.springframework.web.servlet.resource.ResourceHttpRequestHandler]
2019-03-18 09:26:13 -Mapped URL path [/files/**] onto handler of type [class org.springframework.web.servlet.resource.ResourceHttpRequestHandler]
2019-03-18 09:26:13 -Detected @ExceptionHandler methods in BDExceptionHandler
2019-03-18 09:26:13 -[THYMELEAF][main] Template Mode 'LEGACYHTML5' is deprecated. Using Template Mode 'HTML' instead.
2019-03-18 09:26:14 -Registering beans for JMX exposure on startup
2019-03-18 09:26:14 -Bean with name 'dataSource' has been autodetected for JMX exposure
2019-03-18 09:26:14 -Located MBean 'dataSource': registering with JMX server as MBean [com.alibaba.druid.pool:name=dataSource,type=DruidDataSource]
2019-03-18 09:26:14 -Starting beans in phase 2147483647
2019-03-18 09:26:14 -Context refreshed
2019-03-18 09:26:14 -Found 1 custom documentation plugin(s)
2019-03-18 09:26:14 -Scanning for api listing references
2019-03-18 09:26:14 -Generating unique operation named: removeUsingPOST_1
2019-03-18 09:26:14 -Generating unique operation named: addUsingGET_1
2019-03-18 09:26:14 -Generating unique operation named: editUsingGET_1
2019-03-18 09:26:14 -Generating unique operation named: listUsingGET_1
2019-03-18 09:26:14 -Generating unique operation named: removeUsingPOST_2
2019-03-18 09:26:14 -Generating unique operation named: removeUsingPOST_3
2019-03-18 09:26:14 -Generating unique operation named: saveUsingPOST_1
2019-03-18 09:26:14 -Generating unique operation named: updateUsingGET_1
2019-03-18 09:26:14 -Generating unique operation named: updateUsingHEAD_1
2019-03-18 09:26:14 -Generating unique operation named: updateUsingPOST_1
2019-03-18 09:26:14 -Generating unique operation named: updateUsingPUT_1
2019-03-18 09:26:14 -Generating unique operation named: updateUsingPATCH_1
2019-03-18 09:26:14 -Generating unique operation named: updateUsingDELETE_1
2019-03-18 09:26:14 -Generating unique operation named: updateUsingOPTIONS_1
2019-03-18 09:26:14 -Generating unique operation named: updateUsingTRACE_1
2019-03-18 09:26:14 -Generating unique operation named: addUsingGET_2
2019-03-18 09:26:14 -Generating unique operation named: editUsingGET_2
2019-03-18 09:26:14 -Generating unique operation named: listUsingGET_2
2019-03-18 09:26:14 -Generating unique operation named: removeUsingPOST_4
2019-03-18 09:26:14 -Generating unique operation named: removeUsingPOST_5
2019-03-18 09:26:14 -Generating unique operation named: saveUsingPOST_2
2019-03-18 09:26:14 -Generating unique operation named: updateUsingGET_2
2019-03-18 09:26:14 -Generating unique operation named: updateUsingHEAD_2
2019-03-18 09:26:14 -Generating unique operation named: updateUsingPOST_2
2019-03-18 09:26:14 -Generating unique operation named: updateUsingPUT_2
2019-03-18 09:26:14 -Generating unique operation named: updateUsingPATCH_2
2019-03-18 09:26:14 -Generating unique operation named: updateUsingDELETE_2
2019-03-18 09:26:14 -Generating unique operation named: updateUsingOPTIONS_2
2019-03-18 09:26:14 -Generating unique operation named: updateUsingTRACE_2
2019-03-18 09:26:14 -Generating unique operation named: addUsingGET_3
2019-03-18 09:26:14 -Generating unique operation named: editUsingGET_3
2019-03-18 09:26:14 -Generating unique operation named: listUsingGET_3
2019-03-18 09:26:14 -Generating unique operation named: removeUsingPOST_6
2019-03-18 09:26:14 -Generating unique operation named: removeUsingPOST_7
2019-03-18 09:26:14 -Generating unique operation named: saveUsingPOST_3
2019-03-18 09:26:14 -Generating unique operation named: updateUsingGET_3
2019-03-18 09:26:14 -Generating unique operation named: updateUsingHEAD_3
2019-03-18 09:26:14 -Generating unique operation named: updateUsingPOST_3
2019-03-18 09:26:14 -Generating unique operation named: updateUsingPUT_3
2019-03-18 09:26:14 -Generating unique operation named: updateUsingPATCH_3
2019-03-18 09:26:14 -Generating unique operation named: updateUsingDELETE_3
2019-03-18 09:26:14 -Generating unique operation named: updateUsingOPTIONS_3
2019-03-18 09:26:14 -Generating unique operation named: updateUsingTRACE_3
2019-03-18 09:26:14 -Generating unique operation named: editUsingGET_4
2019-03-18 09:26:14 -Generating unique operation named: listUsingGET_4
2019-03-18 09:26:14 -Generating unique operation named: updateUsingPOST_4
2019-03-18 09:26:14 -Generating unique operation named: addUsingGET_4
2019-03-18 09:26:14 -Generating unique operation named: editUsingGET_5
2019-03-18 09:26:14 -Generating unique operation named: infoUsingGET_1
2019-03-18 09:26:14 -Generating unique operation named: infoUsingHEAD_1
2019-03-18 09:26:14 -Generating unique operation named: infoUsingPOST_1
2019-03-18 09:26:14 -Generating unique operation named: infoUsingPUT_1
2019-03-18 09:26:14 -Generating unique operation named: infoUsingPATCH_1
2019-03-18 09:26:14 -Generating unique operation named: infoUsingDELETE_1
2019-03-18 09:26:14 -Generating unique operation named: infoUsingOPTIONS_1
2019-03-18 09:26:14 -Generating unique operation named: infoUsingTRACE_1
2019-03-18 09:26:14 -Generating unique operation named: listUsingGET_5
2019-03-18 09:26:14 -Generating unique operation named: removeUsingPOST_8
2019-03-18 09:26:14 -Generating unique operation named: removeUsingPOST_9
2019-03-18 09:26:14 -Generating unique operation named: saveUsingPOST_4
2019-03-18 09:26:14 -Generating unique operation named: updateUsingPOST_5
2019-03-18 09:26:14 -Generating unique operation named: listUsingGET_6
2019-03-18 09:26:14 -Generating unique operation named: removeUsingPOST_10
2019-03-18 09:26:14 -Generating unique operation named: welcomeUsingGET_1
2019-03-18 09:26:14 -Generating unique operation named: addUsingGET_5
2019-03-18 09:26:14 -Generating unique operation named: editUsingGET_6
2019-03-18 09:26:14 -Generating unique operation named: listUsingGET_7
2019-03-18 09:26:14 -Generating unique operation named: removeUsingPOST_11
2019-03-18 09:26:14 -Generating unique operation named: saveUsingPOST_5
2019-03-18 09:26:14 -Generating unique operation named: treeUsingGET_1
2019-03-18 09:26:14 -Generating unique operation named: treeUsingGET_2
2019-03-18 09:26:14 -Generating unique operation named: updateUsingPOST_6
2019-03-18 09:26:14 -Generating unique operation named: batchRemoveUsingPOST_1
2019-03-18 09:26:14 -Generating unique operation named: editUsingGET_7
2019-03-18 09:26:14 -Generating unique operation named: listUsingGET_8
2019-03-18 09:26:14 -Generating unique operation named: addUsingGET_6
2019-03-18 09:26:14 -Generating unique operation named: editUsingGET_8
2019-03-18 09:26:14 -Generating unique operation named: listUsingGET_9
2019-03-18 09:26:14 -Generating unique operation named: removeUsingPOST_12
2019-03-18 09:26:14 -Generating unique operation named: removeUsingPOST_13
2019-03-18 09:26:14 -Generating unique operation named: saveUsingPOST_6
2019-03-18 09:26:14 -Generating unique operation named: updateUsingGET_4
2019-03-18 09:26:14 -Generating unique operation named: updateUsingHEAD_4
2019-03-18 09:26:14 -Generating unique operation named: updateUsingPOST_7
2019-03-18 09:26:14 -Generating unique operation named: updateUsingPUT_4
2019-03-18 09:26:14 -Generating unique operation named: updateUsingPATCH_4
2019-03-18 09:26:14 -Generating unique operation named: updateUsingDELETE_4
2019-03-18 09:26:14 -Generating unique operation named: updateUsingOPTIONS_4
2019-03-18 09:26:14 -Generating unique operation named: updateUsingTRACE_4
2019-03-18 09:26:14 -Generating unique operation named: addUsingGET_7
2019-03-18 09:26:14 -Generating unique operation named: batchRemoveUsingPOST_2
2019-03-18 09:26:14 -Generating unique operation named: deployUsingPOST_1
2019-03-18 09:26:14 -Generating unique operation named: listUsingGET_10
2019-03-18 09:26:14 -Generating unique operation named: removeUsingPOST_14
2019-03-18 09:26:14 -Generating unique operation named: addUsingGET_8
2019-03-18 09:26:14 -Generating unique operation named: batchRemoveUsingPOST_3
2019-03-18 09:26:14 -Generating unique operation named: editUsingGET_9
2019-03-18 09:26:14 -Generating unique operation named: listUsingGET_11
2019-03-18 09:26:14 -Generating unique operation named: saveUsingPOST_7
2019-03-18 09:26:14 -Generating unique operation named: saveUsingPOST_8
2019-03-18 09:26:14 -Generating unique operation named: updateUsingPOST_8
2019-03-18 09:26:14 -Generating unique operation named: addUsingGET_9
2019-03-18 09:26:14 -Generating unique operation named: editUsingGET_10
2019-03-18 09:26:14 -Generating unique operation named: listUsingGET_12
2019-03-18 09:26:14 -Generating unique operation named: removeUsingPOST_15
2019-03-18 09:26:14 -Generating unique operation named: removeUsingPOST_16
2019-03-18 09:26:14 -Generating unique operation named: updateUsingGET_5
2019-03-18 09:26:14 -Generating unique operation named: updateUsingHEAD_5
2019-03-18 09:26:14 -Generating unique operation named: updateUsingPOST_9
2019-03-18 09:26:14 -Generating unique operation named: updateUsingPUT_5
2019-03-18 09:26:14 -Generating unique operation named: updateUsingPATCH_5
2019-03-18 09:26:14 -Generating unique operation named: updateUsingDELETE_5
2019-03-18 09:26:14 -Generating unique operation named: updateUsingOPTIONS_5
2019-03-18 09:26:14 -Generating unique operation named: updateUsingTRACE_5
2019-03-18 09:26:14 -Generating unique operation named: listUsingGET_13
2019-03-18 09:26:14 -Generating unique operation named: listUsingHEAD_1
2019-03-18 09:26:14 -Generating unique operation named: listUsingPOST_1
2019-03-18 09:26:14 -Generating unique operation named: listUsingPUT_1
2019-03-18 09:26:14 -Generating unique operation named: listUsingPATCH_1
2019-03-18 09:26:14 -Generating unique operation named: listUsingDELETE_1
2019-03-18 09:26:14 -Generating unique operation named: listUsingOPTIONS_1
2019-03-18 09:26:14 -Generating unique operation named: listUsingTRACE_1
2019-03-18 09:26:14 -Generating unique operation named: listUsingGET_14
2019-03-18 09:26:14 -Generating unique operation named: addUsingGET_10
2019-03-18 09:26:14 -Generating unique operation named: batchRemoveUsingPOST_4
2019-03-18 09:26:14 -Generating unique operation named: editUsingGET_11
2019-03-18 09:26:15 -Generating unique operation named: listUsingGET_15
2019-03-18 09:26:15 -Generating unique operation named: removeUsingPOST_17
2019-03-18 09:26:15 -Generating unique operation named: saveUsingPOST_9
2019-03-18 09:26:15 -Generating unique operation named: treeUsingGET_3
2019-03-18 09:26:15 -Generating unique operation named: treeViewUsingGET_1
2019-03-18 09:26:15 -Generating unique operation named: updateUsingPOST_10
2019-03-18 09:26:15 -Generating unique operation named: listUsingGET_16
2019-03-18 09:26:15 -Generating unique operation named: removeUsingPOST_18
2019-03-18 09:26:15 -Generating unique operation named: saveUsingPOST_10
2019-03-18 09:26:15 -Starting Quartz Scheduler now
2019-03-18 09:26:15 -Scheduler schedulerFactoryBean_$_NON_CLUSTERED started.
2019-03-18 09:26:15 -Starting...
2019-03-18 09:26:15 -BrokerAvailabilityEvent[available=true, SimpleBrokerMessageHandler [DefaultSubscriptionRegistry[cache[0 destination(s)], registry[0 sessions]]]]
2019-03-18 09:26:15 -Started.
2019-03-18 09:26:15 -Starting ProtocolHandler ["http-nio-8124"]
2019-03-18 09:26:15 -Using a shared selector for servlet write/read
2019-03-18 09:26:15 -Tomcat started on port(s): 8124 (http) with context path ''
2019-03-18 09:26:15 -Started BootdoApplication in 8.924 seconds (JVM running for 9.657)
2019-03-18 09:26:15 -==>  Preparing: select `id`,`cron_expression`,`method_name`,`is_concurrent`,`description`,`update_by`,`bean_class`,`create_date`,`job_status`,`job_group`,`update_date`,`create_by`,`spring_bean`,`job_name` from sys_task order by id desc 
2019-03-18 09:26:15 -==> Parameters: 
2019-03-18 09:26:15 -<==      Total: 1
2019-03-18 09:26:33 -Initializing Spring FrameworkServlet 'dispatcherServlet'
2019-03-18 09:26:33 -FrameworkServlet 'dispatcherServlet': initialization started
2019-03-18 09:26:33 -FrameworkServlet 'dispatcherServlet': initialization completed in 39 ms
2019-03-18 09:26:33 -Enabling session validation scheduler...
2019-03-18 09:26:33 -请求地址 : http://localhost:8124/blog
2019-03-18 09:26:33 -HTTP METHOD : GET
2019-03-18 09:26:33 -CLASS_METHOD : com.bootdo.blog.controller.BlogController.blog
2019-03-18 09:26:33 -参数 : []
2019-03-18 09:26:33 -耗时 : 1
2019-03-18 09:26:33 -返回值 : blog/index/main
2019-03-18 09:26:33 -请求地址 : http://localhost:8124/login;JSESSIONID=383f1887-c947-4d0d-b976-da99ed61b548
2019-03-18 09:26:33 -HTTP METHOD : GET
2019-03-18 09:26:33 -CLASS_METHOD : com.bootdo.system.controller.LoginController.login
2019-03-18 09:26:33 -参数 : [{}]
2019-03-18 09:26:33 -耗时 : 3
2019-03-18 09:26:33 -返回值 : login
2019-03-18 09:26:34 -请求地址 : http://localhost:8124/blog/open/list
2019-03-18 09:26:34 -HTTP METHOD : GET
2019-03-18 09:26:34 -CLASS_METHOD : com.bootdo.blog.controller.BlogController.opentList
2019-03-18 09:26:34 -参数 : [{type=article, limit=10, offset=0}]
2019-03-18 09:26:34 -==>  Preparing: select `cid`,`title`,`slug`,`created`,`modified`,`content`,`type`,`tags`,`categories`,`hits`,`comments_num`,`allow_comment`,`allow_ping`,`allow_feed`,`status`,`author`,`gtm_create`,`gtm_modified` from blog_content WHERE type = ? order by cid desc limit 0, 10 
2019-03-18 09:26:34 -==> Parameters: article(String)
2019-03-18 09:26:34 -<==      Total: 10
2019-03-18 09:26:34 -==>  Preparing: select count(*) from blog_content WHERE type = ? 
2019-03-18 09:26:34 -==> Parameters: article(String)
2019-03-18 09:26:34 -<==      Total: 1
2019-03-18 09:26:34 -耗时 : 56
2019-03-18 09:26:34 -返回值 : com.bootdo.common.utils.PageUtils@2d1c36e4
2019-03-18 09:27:02 -请求地址 : http://localhost:8124/login
2019-03-18 09:27:02 -HTTP METHOD : GET
2019-03-18 09:27:02 -CLASS_METHOD : com.bootdo.system.controller.LoginController.login
2019-03-18 09:27:02 -参数 : [{}]
2019-03-18 09:27:02 -耗时 : 0
2019-03-18 09:27:02 -返回值 : login
2019-03-18 09:27:03 -请求地址 : http://localhost:8124/login
2019-03-18 09:27:03 -HTTP METHOD : POST
2019-03-18 09:27:03 -CLASS_METHOD : com.bootdo.system.controller.LoginController.ajaxLogin
2019-03-18 09:27:03 -参数 : [shany, 123456]
2019-03-18 09:27:03 -==>  Preparing: select `user_id`,`username`,`name`,`password`,`dept_id`,`email`,`mobile`,`status`,`user_id_create`,`gmt_create`,`gmt_modified`,`sex`,`birth`,`pic_id`,`live_address`,`hobby`,`province`,`city`,`district` from sys_user WHERE username = ? order by user_id desc 
2019-03-18 09:27:03 -==> Parameters: shany(String)
2019-03-18 09:27:03 -<==      Total: 1
2019-03-18 09:27:03 -耗时 : 20
2019-03-18 09:27:03 -返回值 : {msg=操作成功, code=0}
2019-03-18 09:27:04 -More than one TaskExecutor bean found within the context, and none is named 'taskExecutor'. Mark one of them as primary or name it 'taskExecutor' (possibly as an alias) in order to use it for async processing: [clientInboundChannelExecutor, clientOutboundChannelExecutor, brokerChannelExecutor, messageBrokerTaskScheduler]
2019-03-18 09:27:04 -==>  Preparing: insert into sys_log ( `user_id`, `username`, `operation`, `time`, `method`, `params`, `ip`, `gmt_create` ) values ( ?, ?, ?, ?, ?, ?, ?, ? ) 
2019-03-18 09:27:04 -==> Parameters: 138(Long), shany(String), 登录(String), 20(Integer), com.bootdo.system.controller.LoginController.ajaxLogin()(String), null, 127.0.0.1(String), 2019-03-18 09:27:04.009(Timestamp)
2019-03-18 09:27:04 -<==    Updates: 1
2019-03-18 09:27:04 -请求地址 : http://localhost:8124/index
2019-03-18 09:27:04 -HTTP METHOD : GET
2019-03-18 09:27:04 -CLASS_METHOD : com.bootdo.system.controller.LoginController.index
2019-03-18 09:27:04 -参数 : [{}]
2019-03-18 09:27:04 -==>  Preparing: select distinct m.menu_id , parent_id, name, url, perms,`type`,icon,order_num,gmt_create, gmt_modified from sys_menu m left join sys_role_menu rm on m.menu_id = rm.menu_id left join sys_user_role ur on rm.role_id =ur.role_id where ur.user_id = ? and m.type in(0,1) order by m.order_num 
2019-03-18 09:27:04 -==> Parameters: 138(Long)
2019-03-18 09:27:04 -<==      Total: 27
2019-03-18 09:27:04 -==>  Preparing: select `id`,`type`,`url`,`create_date` from sys_file where id = ? 
2019-03-18 09:27:04 -==> Parameters: null
2019-03-18 09:27:04 -<==      Total: 0
2019-03-18 09:27:04 -耗时 : 56
2019-03-18 09:27:04 -返回值 : index_v1
2019-03-18 09:27:04 -==>  Preparing: insert into sys_log ( `user_id`, `username`, `operation`, `time`, `method`, `params`, `ip`, `gmt_create` ) values ( ?, ?, ?, ?, ?, ?, ?, ? ) 
2019-03-18 09:27:04 -==> Parameters: 138(Long), shany(String), 请求访问主页(String), 56(Integer), com.bootdo.system.controller.LoginController.index()(String), null, 127.0.0.1(String), 2019-03-18 09:27:04.173(Timestamp)
2019-03-18 09:27:04 -<==    Updates: 1
2019-03-18 09:27:04 -请求地址 : http://localhost:8124/main
2019-03-18 09:27:04 -HTTP METHOD : GET
2019-03-18 09:27:04 -CLASS_METHOD : com.bootdo.system.controller.LoginController.main
2019-03-18 09:27:04 -参数 : []
2019-03-18 09:27:04 -耗时 : 2
2019-03-18 09:27:04 -返回值 : main
2019-03-18 09:27:04 -请求地址 : http://localhost:8124/oa/notify/message
2019-03-18 09:27:04 -HTTP METHOD : GET
2019-03-18 09:27:04 -CLASS_METHOD : com.bootdo.oa.controller.NotifyController.message
2019-03-18 09:27:04 -参数 : []
2019-03-18 09:27:04 -==>  Preparing: select DISTINCT n.id ,`type`,`title`,`content`,`files`,r.is_read,`status`,`create_by`,`create_date`,`update_by`,`update_date`,`remarks`,`del_flag` from oa_notify_record r right JOIN oa_notify n on r.notify_id = n.id WHERE r.is_read = ? and r.user_id = ? order by is_read ASC, update_date DESC limit ?, ? 
2019-03-18 09:27:04 -==> Parameters: 0(String), 138(Long), 0(Integer), 3(Integer)
2019-03-18 09:27:04 -<==      Total: 0
2019-03-18 09:27:04 -==>  Preparing: select count(*) from oa_notify_record r right JOIN oa_notify n on r.notify_id = n.id where r.user_id =? and r.is_read = ? 
2019-03-18 09:27:04 -==> Parameters: 138(Long), 0(String)
2019-03-18 09:27:04 -<==      Total: 1
2019-03-18 09:27:04 -耗时 : 18
2019-03-18 09:27:04 -返回值 : com.bootdo.common.utils.PageUtils@518a0b0f
2019-03-18 09:27:04 -请求地址 : http://localhost:8124/main
2019-03-18 09:27:04 -HTTP METHOD : GET
2019-03-18 09:27:04 -CLASS_METHOD : com.bootdo.system.controller.LoginController.main
2019-03-18 09:27:04 -参数 : []
2019-03-18 09:27:04 -耗时 : 0
2019-03-18 09:27:04 -返回值 : main
2019-03-18 09:27:12 -WebSocketSession[1 current WS(1)-HttpStream(0)-HttpPoll(0), 1 total, 0 closed abnormally (0 connect failure, 0 send limit, 0 transport error)], stompSubProtocol[processed CONNECT(1)-CONNECTED(1)-DISCONNECT(0)], stompBrokerRelay[null], inboundChannel[pool size = 9, active threads = 0, queued tasks = 0, completed tasks = 9], outboundChannelpool size = 1, active threads = 0, queued tasks = 0, completed tasks = 1], sockJsScheduler[pool size = 6, active threads = 1, queued tasks = 5, completed tasks = 2]
2019-03-18 09:57:12 -WebSocketSession[1 current WS(1)-HttpStream(0)-HttpPoll(0), 1 total, 0 closed abnormally (0 connect failure, 0 send limit, 0 transport error)], stompSubProtocol[processed CONNECT(1)-CONNECTED(1)-DISCONNECT(0)], stompBrokerRelay[null], inboundChannel[pool size = 0, active threads = 0, queued tasks = 0, completed tasks = 9], outboundChannelpool size = 0, active threads = 0, queued tasks = 0, completed tasks = 1], sockJsScheduler[pool size = 6, active threads = 1, queued tasks = 5, completed tasks = 435]
2019-03-18 10:00:00 -[INFO]:you need relax 2 min
2019-03-18 10:07:48 -请求地址 : http://localhost:8124/login;JSESSIONID=88a8d802-4074-4dac-990e-b6df477179c5
2019-03-18 10:07:48 -HTTP METHOD : GET
2019-03-18 10:07:48 -CLASS_METHOD : com.bootdo.system.controller.LoginController.login
2019-03-18 10:07:48 -参数 : [{}]
2019-03-18 10:07:48 -耗时 : 0
2019-03-18 10:07:48 -返回值 : login
2019-03-18 10:26:33 -Validating all active sessions...
2019-03-18 10:26:33 -Finished session validation.  No sessions were stopped.
2019-03-18 10:27:12 -WebSocketSession[0 current WS(0)-HttpStream(0)-HttpPoll(0), 1 total, 0 closed abnormally (0 connect failure, 0 send limit, 0 transport error)], stompSubProtocol[processed CONNECT(1)-CONNECTED(1)-DISCONNECT(0)], stompBrokerRelay[null], inboundChannel[pool size = 0, active threads = 0, queued tasks = 0, completed tasks = 12], outboundChannelpool size = 0, active threads = 0, queued tasks = 0, completed tasks = 2], sockJsScheduler[pool size = 6, active threads = 1, queued tasks = 4, completed tasks = 822]
2019-03-18 10:31:26 -请求地址 : http://localhost:8124/login
2019-03-18 10:31:26 -HTTP METHOD : GET
2019-03-18 10:31:26 -CLASS_METHOD : com.bootdo.system.controller.LoginController.login
2019-03-18 10:31:26 -参数 : [{}]
2019-03-18 10:31:26 -耗时 : 0
2019-03-18 10:31:26 -返回值 : login
2019-03-18 10:31:27 -请求地址 : http://localhost:8124/login
2019-03-18 10:31:27 -HTTP METHOD : GET
2019-03-18 10:31:27 -CLASS_METHOD : com.bootdo.system.controller.LoginController.login
2019-03-18 10:31:27 -参数 : [{}]
2019-03-18 10:31:27 -耗时 : 0
2019-03-18 10:31:27 -返回值 : login
2019-03-18 10:43:51 -请求地址 : http://localhost:8124/login
2019-03-18 10:43:51 -HTTP METHOD : POST
2019-03-18 10:43:51 -CLASS_METHOD : com.bootdo.system.controller.LoginController.ajaxLogin
2019-03-18 10:43:51 -参数 : [shany, 123456]
2019-03-18 10:43:51 -==>  Preparing: select `user_id`,`username`,`name`,`password`,`dept_id`,`email`,`mobile`,`status`,`user_id_create`,`gmt_create`,`gmt_modified`,`sex`,`birth`,`pic_id`,`live_address`,`hobby`,`province`,`city`,`district` from sys_user WHERE username = ? order by user_id desc 
2019-03-18 10:43:51 -==> Parameters: shany(String)
2019-03-18 10:43:51 -<==      Total: 1
2019-03-18 10:43:51 -耗时 : 14
2019-03-18 10:43:51 -返回值 : {msg=操作成功, code=0}
2019-03-18 10:43:51 -==>  Preparing: insert into sys_log ( `user_id`, `username`, `operation`, `time`, `method`, `params`, `ip`, `gmt_create` ) values ( ?, ?, ?, ?, ?, ?, ?, ? ) 
2019-03-18 10:43:51 -==> Parameters: 138(Long), shany(String), 登录(String), 14(Integer), com.bootdo.system.controller.LoginController.ajaxLogin()(String), null, 127.0.0.1(String), 2019-03-18 10:43:51.411(Timestamp)
2019-03-18 10:43:51 -请求地址 : http://localhost:8124/index
2019-03-18 10:43:51 -HTTP METHOD : GET
2019-03-18 10:43:51 -CLASS_METHOD : com.bootdo.system.controller.LoginController.index
2019-03-18 10:43:51 -参数 : [{}]
2019-03-18 10:43:51 -==>  Preparing: select distinct m.menu_id , parent_id, name, url, perms,`type`,icon,order_num,gmt_create, gmt_modified from sys_menu m left join sys_role_menu rm on m.menu_id = rm.menu_id left join sys_user_role ur on rm.role_id =ur.role_id where ur.user_id = ? and m.type in(0,1) order by m.order_num 
2019-03-18 10:43:51 -<==    Updates: 1
2019-03-18 10:43:51 -==> Parameters: 138(Long)
2019-03-18 10:43:51 -<==      Total: 27
2019-03-18 10:43:51 -==>  Preparing: select `id`,`type`,`url`,`create_date` from sys_file where id = ? 
2019-03-18 10:43:51 -==> Parameters: null
2019-03-18 10:43:51 -<==      Total: 0
2019-03-18 10:43:51 -耗时 : 14
2019-03-18 10:43:51 -返回值 : index_v1
2019-03-18 10:43:51 -==>  Preparing: insert into sys_log ( `user_id`, `username`, `operation`, `time`, `method`, `params`, `ip`, `gmt_create` ) values ( ?, ?, ?, ?, ?, ?, ?, ? ) 
2019-03-18 10:43:51 -==> Parameters: 138(Long), shany(String), 请求访问主页(String), 15(Integer), com.bootdo.system.controller.LoginController.index()(String), null, 127.0.0.1(String), 2019-03-18 10:43:51.444(Timestamp)
2019-03-18 10:43:51 -<==    Updates: 1
2019-03-18 10:43:51 -请求地址 : http://localhost:8124/main
2019-03-18 10:43:51 -HTTP METHOD : GET
2019-03-18 10:43:51 -CLASS_METHOD : com.bootdo.system.controller.LoginController.main
2019-03-18 10:43:51 -参数 : []
2019-03-18 10:43:51 -耗时 : 2
2019-03-18 10:43:51 -返回值 : main
2019-03-18 10:43:51 -请求地址 : http://localhost:8124/oa/notify/message
2019-03-18 10:43:51 -HTTP METHOD : GET
2019-03-18 10:43:51 -CLASS_METHOD : com.bootdo.oa.controller.NotifyController.message
2019-03-18 10:43:51 -参数 : []
2019-03-18 10:43:51 -==>  Preparing: select DISTINCT n.id ,`type`,`title`,`content`,`files`,r.is_read,`status`,`create_by`,`create_date`,`update_by`,`update_date`,`remarks`,`del_flag` from oa_notify_record r right JOIN oa_notify n on r.notify_id = n.id WHERE r.is_read = ? and r.user_id = ? order by is_read ASC, update_date DESC limit ?, ? 
2019-03-18 10:43:51 -==> Parameters: 0(String), 138(Long), 0(Integer), 3(Integer)
2019-03-18 10:43:51 -<==      Total: 0
2019-03-18 10:43:51 -==>  Preparing: select count(*) from oa_notify_record r right JOIN oa_notify n on r.notify_id = n.id where r.user_id =? and r.is_read = ? 
2019-03-18 10:43:51 -==> Parameters: 138(Long), 0(String)
2019-03-18 10:43:51 -<==      Total: 1
2019-03-18 10:43:51 -耗时 : 7
2019-03-18 10:43:51 -返回值 : com.bootdo.common.utils.PageUtils@3489bdd7
2019-03-18 10:43:51 -请求地址 : http://localhost:8124/main
2019-03-18 10:43:51 -HTTP METHOD : GET
2019-03-18 10:43:51 -CLASS_METHOD : com.bootdo.system.controller.LoginController.main
2019-03-18 10:43:51 -参数 : []
2019-03-18 10:43:51 -耗时 : 0
2019-03-18 10:43:51 -返回值 : main
2019-03-18 10:57:12 -WebSocketSession[1 current WS(1)-HttpStream(0)-HttpPoll(0), 2 total, 0 closed abnormally (0 connect failure, 0 send limit, 0 transport error)], stompSubProtocol[processed CONNECT(2)-CONNECTED(2)-DISCONNECT(0)], stompBrokerRelay[null], inboundChannel[pool size = 0, active threads = 0, queued tasks = 0, completed tasks = 21], outboundChannelpool size = 0, active threads = 0, queued tasks = 0, completed tasks = 3], sockJsScheduler[pool size = 6, active threads = 1, queued tasks = 5, completed tasks = 1215]
2019-03-18 11:26:33 -Validating all active sessions...
2019-03-18 11:26:33 -Finished session validation.  [1] sessions were stopped.
2019-03-18 11:27:12 -WebSocketSession[1 current WS(1)-HttpStream(0)-HttpPoll(0), 2 total, 0 closed abnormally (0 connect failure, 0 send limit, 0 transport error)], stompSubProtocol[processed CONNECT(2)-CONNECTED(2)-DISCONNECT(0)], stompBrokerRelay[null], inboundChannel[pool size = 0, active threads = 0, queued tasks = 0, completed tasks = 21], outboundChannelpool size = 0, active threads = 0, queued tasks = 0, completed tasks = 3], sockJsScheduler[pool size = 6, active threads = 1, queued tasks = 5, completed tasks = 1648]
2019-03-18 11:37:21 -请求地址 : http://localhost:8124/login;JSESSIONID=a9d866cb-00fe-4810-8413-2314ddca6adf
2019-03-18 11:37:21 -HTTP METHOD : GET
2019-03-18 11:37:21 -CLASS_METHOD : com.bootdo.system.controller.LoginController.login
2019-03-18 11:37:21 -参数 : [{}]
2019-03-18 11:37:21 -耗时 : 1
2019-03-18 11:37:21 -返回值 : login
